Using pre-set license
Built from '2020.3/staging' branch; Version is '2020.3.11f1 (99c7afb366b3) revision 10078127'; Using compiler version '192528614'; Build Type 'Release'
OS: 'Windows 10 Home; OS build 18363.1316; Version 1909; 64bit' Language: 'fr' Physical Memory: 16343 MB
BatchMode: 1, IsHumanControllingUs: 0, StartBugReporterOnCrash: 0, Is64bit: 1, IsPro: 0

 COMMAND LINE ARGUMENTS:
S:\Programmes\Unity\Unity 2020.3.11f1\Editor\Unity.exe
-adb2
-batchMode
-noUpm
-name
AssetImportWorker0
-projectPath
S:/Projet de jeux/Collock Proj/Collock
-logFile
Logs/AssetImportWorker0.log
-srvPort
60442
Successfully changed project path to: S:/Projet de jeux/Collock Proj/Collock
S:/Projet de jeux/Collock Proj/Collock
Using Asset Import Pipeline V2.
Refreshing native plugins compatible for Editor in 57.92 ms, found 3 plugins.
Preloading 0 native plugins for Editor in 0.00 ms.
Initialize engine version: 2020.3.11f1 (99c7afb366b3)
[Subsystems] Discovering subsystems at path S:/Programmes/Unity/Unity 2020.3.11f1/Editor/Data/Resources/UnitySubsystems
[Subsystems] Discovering subsystems at path S:/Projet de jeux/Collock Proj/Collock/Assets
GfxDevice: creating device client; threaded=0
Direct3D:
    Version:  Direct3D 11.0 [level 11.1]
    Renderer: NVIDIA GeForce GTX 1050 (ID=0x1c81)
    Vendor:   
    VRAM:     1977 MB
    Driver:   27.21.14.5671
Initialize mono
Mono path[0] = 'S:/Programmes/Unity/Unity 2020.3.11f1/Editor/Data/Managed'
Mono path[1] = 'S:/Programmes/Unity/Unity 2020.3.11f1/Editor/Data/MonoBleedingEdge/lib/mono/unityjit'
Mono config path = 'S:/Programmes/Unity/Unity 2020.3.11f1/Editor/Data/MonoBleedingEdge/etc'
Using monoOptions --debugger-agent=transport=dt_socket,embedding=1,server=y,suspend=n,address=127.0.0.1:56800
Begin MonoManager ReloadAssembly
Registering precompiled unity dll's ...
Register platform support module: S:/Programmes/Unity/Unity 2020.3.11f1/Editor/Data/PlaybackEngines/WebGLSupport/UnityEditor.WebGL.Extensions.dll
Register platform support module: S:/Programmes/Unity/Unity 2020.3.11f1/Editor/Data/PlaybackEngines/WindowsStandaloneSupport/UnityEditor.WindowsStandalone.Extensions.dll
Registered in 0.001404 seconds.
Native extension for WindowsStandalone target not found
Native extension for WebGL target not found
Refreshing native plugins compatible for Editor in 50.09 ms, found 3 plugins.
Preloading 0 native plugins for Editor in 0.00 ms.
Mono: successfully reloaded assembly
- Completed reload, in  1.448 seconds
Platform modules already initialized, skipping
Registering precompiled user dll's ...
Registered in 0.005644 seconds.
Begin MonoManager ReloadAssembly
Native extension for WindowsStandalone target not found
Native extension for WebGL target not found
Refreshing native plugins compatible for Editor in 68.66 ms, found 3 plugins.
Preloading 0 native plugins for Editor in 0.00 ms.
Mono: successfully reloaded assembly
- Completed reload, in  1.341 seconds
Platform modules already initialized, skipping
========================================================================
Worker process is ready to serve import requests
Launched and connected shader compiler UnityShaderCompiler.exe after 0.06 seconds
Refreshing native plugins compatible for Editor in 0.53 ms, found 3 plugins.
Preloading 0 native plugins for Editor in 0.00 ms.
Unloading 2311 Unused Serialized files (Serialized files now loaded: 0)
System memory in use before: 100.8 MB.
System memory in use after: 100.9 MB.

Unloading 39 unused Assets to reduce memory usage. Loaded Objects now: 2744.
Total: 2.363700 ms (FindLiveObjects: 0.220500 ms CreateObjectMapping: 0.113400 ms MarkObjects: 1.894300 ms  DeleteObjects: 0.134400 ms)

========================================================================
Received Import Request.
  path: Assets/Resources/LinkPrefab.prefab
  artifactKey: Guid(51b01474f263a4349a9712dd076a73df) Importer(815301076,1909f56bfc062723c751e8b465ee728b)
Start importing Assets/Resources/LinkPrefab.prefab using Guid(51b01474f263a4349a9712dd076a73df) Importer(815301076,1909f56bfc062723c751e8b465ee728b)  -> (artifact id: 'a412b9ba7b0bc23cb6524df0f2f7a190') in 0.059596 seconds
  Import took 0.064054 seconds .

AssetImportWorkerClient::OnTransportError - code=2 error=End of file
