Using pre-set license
Built from '2020.3/staging' branch; Version is '2020.3.11f1 (99c7afb366b3) revision 10078127'; Using compiler version '192528614'; Build Type 'Release'
OS: 'Windows 10 Home; OS build 18363.1316; Version 1909; 64bit' Language: 'fr' Physical Memory: 16343 MB
BatchMode: 1, IsHumanControllingUs: 0, StartBugReporterOnCrash: 0, Is64bit: 1, IsPro: 0

 COMMAND LINE ARGUMENTS:
S:\Programmes\Unity\Unity 2020.3.11f1\Editor\Unity.exe
-adb2
-batchMode
-noUpm
-name
AssetImportWorker0
-projectPath
S:/Projet de jeux/Collock Proj/CollockGit/Collock/Collock
-logFile
Logs/AssetImportWorker0.log
-srvPort
65265
Successfully changed project path to: S:/Projet de jeux/Collock Proj/CollockGit/Collock/Collock
S:/Projet de jeux/Collock Proj/CollockGit/Collock/Collock
Using Asset Import Pipeline V2.
Refreshing native plugins compatible for Editor in 52.39 ms, found 3 plugins.
Preloading 0 native plugins for Editor in 0.00 ms.
Initialize engine version: 2020.3.11f1 (99c7afb366b3)
[Subsystems] Discovering subsystems at path S:/Programmes/Unity/Unity 2020.3.11f1/Editor/Data/Resources/UnitySubsystems
[Subsystems] Discovering subsystems at path S:/Projet de jeux/Collock Proj/CollockGit/Collock/Collock/Assets
GfxDevice: creating device client; threaded=0
Direct3D:
    Version:  Direct3D 11.0 [level 11.1]
    Renderer: NVIDIA GeForce GTX 1050 (ID=0x1c81)
    Vendor:   
    VRAM:     1977 MB
    Driver:   27.21.14.5671
Initialize mono
Mono path[0] = 'S:/Programmes/Unity/Unity 2020.3.11f1/Editor/Data/Managed'
Mono path[1] = 'S:/Programmes/Unity/Unity 2020.3.11f1/Editor/Data/MonoBleedingEdge/lib/mono/unityjit'
Mono config path = 'S:/Programmes/Unity/Unity 2020.3.11f1/Editor/Data/MonoBleedingEdge/etc'
Using monoOptions --debugger-agent=transport=dt_socket,embedding=1,server=y,suspend=n,address=127.0.0.1:56460
Begin MonoManager ReloadAssembly
Registering precompiled unity dll's ...
Register platform support module: S:/Programmes/Unity/Unity 2020.3.11f1/Editor/Data/PlaybackEngines/WebGLSupport/UnityEditor.WebGL.Extensions.dll
Register platform support module: S:/Programmes/Unity/Unity 2020.3.11f1/Editor/Data/PlaybackEngines/WindowsStandaloneSupport/UnityEditor.WindowsStandalone.Extensions.dll
Registered in 0.001290 seconds.
Native extension for WindowsStandalone target not found
Native extension for WebGL target not found
Refreshing native plugins compatible for Editor in 61.00 ms, found 3 plugins.
Preloading 0 native plugins for Editor in 0.00 ms.
Mono: successfully reloaded assembly
- Completed reload, in  1.146 seconds
Platform modules already initialized, skipping
Registering precompiled user dll's ...
Registered in 0.005025 seconds.
Begin MonoManager ReloadAssembly
Native extension for WindowsStandalone target not found
Native extension for WebGL target not found
Refreshing native plugins compatible for Editor in 59.95 ms, found 3 plugins.
Preloading 0 native plugins for Editor in 0.00 ms.
Mono: successfully reloaded assembly
- Completed reload, in  1.398 seconds
Platform modules already initialized, skipping
========================================================================
Worker process is ready to serve import requests
Launched and connected shader compiler UnityShaderCompiler.exe after 0.05 seconds
Refreshing native plugins compatible for Editor in 0.50 ms, found 3 plugins.
Preloading 0 native plugins for Editor in 0.00 ms.
Unloading 2362 Unused Serialized files (Serialized files now loaded: 0)
System memory in use before: 104.7 MB.
System memory in use after: 104.8 MB.

Unloading 39 unused Assets to reduce memory usage. Loaded Objects now: 2800.
Total: 3.066300 ms (FindLiveObjects: 0.319200 ms CreateObjectMapping: 0.176200 ms MarkObjects: 2.416900 ms  DeleteObjects: 0.152600 ms)

========================================================================
Received Import Request.
  path: Assets/Scenes/Mission4.unity
  artifactKey: Guid(6cac5b2689de64d40a0bb893574bf69c) Importer(815301076,1909f56bfc062723c751e8b465ee728b)
Start importing Assets/Scenes/Mission4.unity using Guid(6cac5b2689de64d40a0bb893574bf69c) Importer(815301076,1909f56bfc062723c751e8b465ee728b)  -> (artifact id: '12ec21dfa70ab578987ff70036a4bea0') in 0.013923 seconds
  Import took 0.019222 seconds .

========================================================================
Received Import Request.
  Time since last request: 99.610140 seconds.
  path: Assets/Resources/Scriptable objects/FileBank.asset
  artifactKey: Guid(a28773acbed7afb44b8d57f62ecd0fa8) Importer(815301076,1909f56bfc062723c751e8b465ee728b)
Start importing Assets/Resources/Scriptable objects/FileBank.asset using Guid(a28773acbed7afb44b8d57f62ecd0fa8) Importer(815301076,1909f56bfc062723c751e8b465ee728b)  -> (artifact id: '0e7dd49aea3378729b890691dbfed88e') in 0.063864 seconds
  Import took 0.070006 seconds .

========================================================================
Received Import Request.
  Time since last request: 173.462233 seconds.
  path: Assets/Scenes/Mission4.unity
  artifactKey: Guid(6cac5b2689de64d40a0bb893574bf69c) Importer(815301076,1909f56bfc062723c751e8b465ee728b)
Start importing Assets/Scenes/Mission4.unity using Guid(6cac5b2689de64d40a0bb893574bf69c) Importer(815301076,1909f56bfc062723c751e8b465ee728b)  -> (artifact id: '60b11df4a632dec8f38c4252e8b4e459') in 0.003272 seconds
  Import took 0.008056 seconds .

========================================================================
Received Prepare
Registering precompiled user dll's ...
Registered in 0.006680 seconds.
Begin MonoManager ReloadAssembly
Native extension for WindowsStandalone target not found
Native extension for WebGL target not found
Refreshing native plugins compatible for Editor in 0.72 ms, found 3 plugins.
Preloading 0 native plugins for Editor in 0.00 ms.
Mono: successfully reloaded assembly
- Completed reload, in  1.170 seconds
Platform modules already initialized, skipping
Refreshing native plugins compatible for Editor in 0.51 ms, found 3 plugins.
Preloading 0 native plugins for Editor in 0.00 ms.
Unloading 2343 Unused Serialized files (Serialized files now loaded: 0)
System memory in use before: 103.4 MB.
System memory in use after: 103.5 MB.

Unloading 27 unused Assets to reduce memory usage. Loaded Objects now: 2805.
Total: 2.430700 ms (FindLiveObjects: 0.235900 ms CreateObjectMapping: 0.122600 ms MarkObjects: 1.960500 ms  DeleteObjects: 0.110400 ms)

========================================================================
Received Import Request.
  Time since last request: 84.947581 seconds.
  path: Assets/Scenes/Mission4.unity
  artifactKey: Guid(6cac5b2689de64d40a0bb893574bf69c) Importer(815301076,1909f56bfc062723c751e8b465ee728b)
Start importing Assets/Scenes/Mission4.unity using Guid(6cac5b2689de64d40a0bb893574bf69c) Importer(815301076,1909f56bfc062723c751e8b465ee728b)  -> (artifact id: '6a9ea19d21627bee6655aeb3516e88d8') in 0.012644 seconds
  Import took 0.016348 seconds .

========================================================================
Received Prepare
Registering precompiled user dll's ...
Registered in 0.006524 seconds.
Begin MonoManager ReloadAssembly
Native extension for WindowsStandalone target not found
Native extension for WebGL target not found
Refreshing native plugins compatible for Editor in 0.54 ms, found 3 plugins.
Preloading 0 native plugins for Editor in 0.00 ms.
Mono: successfully reloaded assembly
- Completed reload, in  1.018 seconds
Platform modules already initialized, skipping
Refreshing native plugins compatible for Editor in 0.56 ms, found 3 plugins.
Preloading 0 native plugins for Editor in 0.00 ms.
Unloading 2343 Unused Serialized files (Serialized files now loaded: 0)
System memory in use before: 103.5 MB.
System memory in use after: 103.6 MB.

Unloading 26 unused Assets to reduce memory usage. Loaded Objects now: 2810.
Total: 2.365300 ms (FindLiveObjects: 0.209200 ms CreateObjectMapping: 0.106600 ms MarkObjects: 1.919600 ms  DeleteObjects: 0.128700 ms)

========================================================================
Received Import Request.
  Time since last request: 226.936458 seconds.
  path: Assets/Scenes/Mission4.unity
  artifactKey: Guid(6cac5b2689de64d40a0bb893574bf69c) Importer(815301076,1909f56bfc062723c751e8b465ee728b)
Start importing Assets/Scenes/Mission4.unity using Guid(6cac5b2689de64d40a0bb893574bf69c) Importer(815301076,1909f56bfc062723c751e8b465ee728b)  -> (artifact id: '725fb5088ff7f5d48f7ced5bb4afb69f') in 0.013959 seconds
  Import took 0.019077 seconds .

========================================================================
Received Prepare
Registering precompiled user dll's ...
Registered in 0.008781 seconds.
Begin MonoManager ReloadAssembly
Native extension for WindowsStandalone target not found
Native extension for WebGL target not found
Refreshing native plugins compatible for Editor in 0.64 ms, found 3 plugins.
Preloading 0 native plugins for Editor in 0.00 ms.
Mono: successfully reloaded assembly
- Completed reload, in  1.297 seconds
Platform modules already initialized, skipping
Refreshing native plugins compatible for Editor in 0.52 ms, found 3 plugins.
Preloading 0 native plugins for Editor in 0.00 ms.
Unloading 2343 Unused Serialized files (Serialized files now loaded: 0)
System memory in use before: 103.5 MB.
System memory in use after: 103.6 MB.

Unloading 26 unused Assets to reduce memory usage. Loaded Objects now: 2815.
Total: 2.547000 ms (FindLiveObjects: 0.215200 ms CreateObjectMapping: 0.118200 ms MarkObjects: 2.100400 ms  DeleteObjects: 0.112100 ms)

========================================================================
Received Import Request.
  Time since last request: 176.846409 seconds.
  path: Assets/Scenes/Mission3.unity
  artifactKey: Guid(bd3752eb24f3f164b97381851ac07047) Importer(815301076,1909f56bfc062723c751e8b465ee728b)
Start importing Assets/Scenes/Mission3.unity using Guid(bd3752eb24f3f164b97381851ac07047) Importer(815301076,1909f56bfc062723c751e8b465ee728b)  -> (artifact id: '49af30e782aaa15a03869d0f6d0f3e3c') in 0.013278 seconds
  Import took 0.019877 seconds .

========================================================================
Received Import Request.
  Time since last request: 8.557349 seconds.
  path: Assets/Scenes/Mission4.unity
  artifactKey: Guid(6cac5b2689de64d40a0bb893574bf69c) Importer(815301076,1909f56bfc062723c751e8b465ee728b)
Start importing Assets/Scenes/Mission4.unity using Guid(6cac5b2689de64d40a0bb893574bf69c) Importer(815301076,1909f56bfc062723c751e8b465ee728b)  -> (artifact id: 'b358481175276ea3ee4c37f762dcbd94') in 0.003428 seconds
  Import took 0.011181 seconds .

========================================================================
Received Prepare
Registering precompiled user dll's ...
Registered in 0.004884 seconds.
Begin MonoManager ReloadAssembly
Native extension for WindowsStandalone target not found
Native extension for WebGL target not found
Refreshing native plugins compatible for Editor in 0.83 ms, found 3 plugins.
Preloading 0 native plugins for Editor in 0.00 ms.
Mono: successfully reloaded assembly
- Completed reload, in  1.399 seconds
Platform modules already initialized, skipping
Refreshing native plugins compatible for Editor in 0.54 ms, found 3 plugins.
Preloading 0 native plugins for Editor in 0.00 ms.
Unloading 2343 Unused Serialized files (Serialized files now loaded: 0)
System memory in use before: 103.5 MB.
System memory in use after: 103.6 MB.

Unloading 26 unused Assets to reduce memory usage. Loaded Objects now: 2820.
Total: 2.933100 ms (FindLiveObjects: 0.453100 ms CreateObjectMapping: 0.430100 ms MarkObjects: 1.941500 ms  DeleteObjects: 0.107200 ms)

========================================================================
Received Prepare
Registering precompiled user dll's ...
Registered in 0.005815 seconds.
Begin MonoManager ReloadAssembly
Native extension for WindowsStandalone target not found
Native extension for WebGL target not found
Refreshing native plugins compatible for Editor in 0.51 ms, found 3 plugins.
Preloading 0 native plugins for Editor in 0.00 ms.
Mono: successfully reloaded assembly
- Completed reload, in  1.218 seconds
Platform modules already initialized, skipping
Refreshing native plugins compatible for Editor in 0.89 ms, found 3 plugins.
Preloading 0 native plugins for Editor in 0.00 ms.
Unloading 2343 Unused Serialized files (Serialized files now loaded: 0)
System memory in use before: 103.5 MB.
System memory in use after: 103.5 MB.

Unloading 26 unused Assets to reduce memory usage. Loaded Objects now: 2825.
Total: 2.611300 ms (FindLiveObjects: 0.222900 ms CreateObjectMapping: 0.113500 ms MarkObjects: 2.166700 ms  DeleteObjects: 0.107000 ms)

========================================================================
Received Import Request.
  Time since last request: 907.082169 seconds.
  path: Assets/Scenes/Mission2.unity
  artifactKey: Guid(60969aa73ecd9a74b954bc376ad1f29a) Importer(815301076,1909f56bfc062723c751e8b465ee728b)
Start importing Assets/Scenes/Mission2.unity using Guid(60969aa73ecd9a74b954bc376ad1f29a) Importer(815301076,1909f56bfc062723c751e8b465ee728b)  -> (artifact id: 'cc56b6b3b98a676e6f03f08a6aae81fa') in 0.013703 seconds
  Import took 0.017596 seconds .

========================================================================
Received Prepare
Registering precompiled user dll's ...
Registered in 0.004812 seconds.
Begin MonoManager ReloadAssembly
Native extension for WindowsStandalone target not found
Native extension for WebGL target not found
Refreshing native plugins compatible for Editor in 0.51 ms, found 3 plugins.
Preloading 0 native plugins for Editor in 0.00 ms.
Mono: successfully reloaded assembly
- Completed reload, in  1.134 seconds
Platform modules already initialized, skipping
Refreshing native plugins compatible for Editor in 0.53 ms, found 3 plugins.
Preloading 0 native plugins for Editor in 0.00 ms.
Unloading 2343 Unused Serialized files (Serialized files now loaded: 0)
System memory in use before: 103.6 MB.
System memory in use after: 103.7 MB.

Unloading 26 unused Assets to reduce memory usage. Loaded Objects now: 2830.
Total: 2.269300 ms (FindLiveObjects: 0.214200 ms CreateObjectMapping: 0.100600 ms MarkObjects: 1.848400 ms  DeleteObjects: 0.105200 ms)

========================================================================
Received Import Request.
  Time since last request: 496.063650 seconds.
  path: Assets/Scripts/Interactions/DDPickup.cs
  artifactKey: Guid(daaa1be572ada0c45a7ffd2f01a09cb1) Importer(815301076,1909f56bfc062723c751e8b465ee728b)
Start importing Assets/Scripts/Interactions/DDPickup.cs using Guid(daaa1be572ada0c45a7ffd2f01a09cb1) Importer(815301076,1909f56bfc062723c751e8b465ee728b)  -> (artifact id: 'ad8f91ef1eee884ed66c082c06dcff93') in 0.028012 seconds
  Import took 0.034115 seconds .

========================================================================
Received Import Request.
  Time since last request: 12.914722 seconds.
  path: Assets/Scripts/Interactions/Pickable.cs
  artifactKey: Guid(909ffa38b2f14814ea6ae15ab4975230) Importer(815301076,1909f56bfc062723c751e8b465ee728b)
Start importing Assets/Scripts/Interactions/Pickable.cs using Guid(909ffa38b2f14814ea6ae15ab4975230) Importer(815301076,1909f56bfc062723c751e8b465ee728b)  -> (artifact id: '6546c9ea054f836d8a99b7e5c387bf62') in 0.018251 seconds
  Import took 0.022864 seconds .

========================================================================
Received Prepare
Registering precompiled user dll's ...
Registered in 0.004851 seconds.
Begin MonoManager ReloadAssembly
Native extension for WindowsStandalone target not found
Native extension for WebGL target not found
Refreshing native plugins compatible for Editor in 0.53 ms, found 3 plugins.
Preloading 0 native plugins for Editor in 0.00 ms.
Mono: successfully reloaded assembly
- Completed reload, in  1.221 seconds
Platform modules already initialized, skipping
Refreshing native plugins compatible for Editor in 0.52 ms, found 3 plugins.
Preloading 0 native plugins for Editor in 0.00 ms.
Unloading 2343 Unused Serialized files (Serialized files now loaded: 0)
System memory in use before: 103.6 MB.
System memory in use after: 103.7 MB.

Unloading 26 unused Assets to reduce memory usage. Loaded Objects now: 2835.
Total: 2.504600 ms (FindLiveObjects: 0.218300 ms CreateObjectMapping: 0.103800 ms MarkObjects: 2.016000 ms  DeleteObjects: 0.165400 ms)

========================================================================
Received Import Request.
  Time since last request: 118.790951 seconds.
  path: Assets/Design/Mission2
  artifactKey: Guid(2c716bcb425ee034e96f649f7c63144e) Importer(815301076,1909f56bfc062723c751e8b465ee728b)
Start importing Assets/Design/Mission2 using Guid(2c716bcb425ee034e96f649f7c63144e) Importer(815301076,1909f56bfc062723c751e8b465ee728b)  -> (artifact id: '5b6bd487d5e9a79ef03e400c3bae80d7') in 0.008546 seconds
  Import took 0.013912 seconds .

========================================================================
Received Import Request.
  Time since last request: 252.047521 seconds.
  path: Packages/com.unity.2d.animation/Editor/Assets/SkinningModule/Icons/Light/Sprite_Mode@3x.png
  artifactKey: Guid(71d8b2e508f1d9947ba51013600a5eac) Importer(815301076,1909f56bfc062723c751e8b465ee728b)
Start importing Packages/com.unity.2d.animation/Editor/Assets/SkinningModule/Icons/Light/Sprite_Mode@3x.png using Guid(71d8b2e508f1d9947ba51013600a5eac) Importer(815301076,1909f56bfc062723c751e8b465ee728b)  -> (artifact id: '255dbdddbee1819ae608c3b5564cb19c') in 0.131880 seconds
  Import took 0.136492 seconds .

========================================================================
Received Import Request.
  Time since last request: 0.000213 seconds.
  path: Packages/com.unity.2d.animation/Editor/Assets/SkinningModule/Icons/Selected/Sprite_Mode@3x.png
  artifactKey: Guid(ea833d779996e3244b3b567764be9cf0) Importer(815301076,1909f56bfc062723c751e8b465ee728b)
Start importing Packages/com.unity.2d.animation/Editor/Assets/SkinningModule/Icons/Selected/Sprite_Mode@3x.png using Guid(ea833d779996e3244b3b567764be9cf0) Importer(815301076,1909f56bfc062723c751e8b465ee728b)  -> (artifact id: '56c48ee63383a85d07d790abc980c45b') in 0.009197 seconds
  Import took 0.013664 seconds .

========================================================================
Received Import Request.
  Time since last request: 0.000096 seconds.
  path: Packages/com.unity.2d.animation/Editor/Assets/SkinningModule/Icons/Light/Sprite_Mode@2x.png
  artifactKey: Guid(cfe99a1afb609b4488d6fc9224a62f74) Importer(815301076,1909f56bfc062723c751e8b465ee728b)
Start importing Packages/com.unity.2d.animation/Editor/Assets/SkinningModule/Icons/Light/Sprite_Mode@2x.png using Guid(cfe99a1afb609b4488d6fc9224a62f74) Importer(815301076,1909f56bfc062723c751e8b465ee728b)  -> (artifact id: '8b1e9c8f00b0b860e2f1e83fa85dcaa7') in 0.011702 seconds
  Import took 0.015878 seconds .

========================================================================
Received Import Request.
  Time since last request: 0.000185 seconds.
  path: Packages/com.unity.2d.animation/Editor/Assets/SkinningModule/Icons/Light/Sprite_Mode.png
  artifactKey: Guid(2ad84ec7182471b4d8c44de568e22df4) Importer(815301076,1909f56bfc062723c751e8b465ee728b)
Start importing Packages/com.unity.2d.animation/Editor/Assets/SkinningModule/Icons/Light/Sprite_Mode.png using Guid(2ad84ec7182471b4d8c44de568e22df4) Importer(815301076,1909f56bfc062723c751e8b465ee728b)  -> (artifact id: '371fd6c0c7761288413dd969b9cb2125') in 0.025851 seconds
  Import took 0.029931 seconds .

========================================================================
Received Import Request.
  Time since last request: 0.000300 seconds.
  path: Packages/com.unity.2d.animation/Editor/Assets/SkinningModule/Icons/Selected/Sprite_Mode@2x.png
  artifactKey: Guid(ff2aa9ebc8aee604caa5f8459ac4ae43) Importer(815301076,1909f56bfc062723c751e8b465ee728b)
Start importing Packages/com.unity.2d.animation/Editor/Assets/SkinningModule/Icons/Selected/Sprite_Mode@2x.png using Guid(ff2aa9ebc8aee604caa5f8459ac4ae43) Importer(815301076,1909f56bfc062723c751e8b465ee728b)  -> (artifact id: 'e5ab5769035345639ad6c3e61643e860') in 0.012233 seconds
  Import took 0.016667 seconds .

========================================================================
Received Import Request.
  Time since last request: 0.005504 seconds.
  path: Packages/com.unity.2d.animation/Editor/Assets/SkinningModule/Icons/Selected/Sprite_Mode@2x.png
  artifactKey: Guid(ff2aa9ebc8aee604caa5f8459ac4ae43) Importer(815301076,1909f56bfc062723c751e8b465ee728b)
Start importing Packages/com.unity.2d.animation/Editor/Assets/SkinningModule/Icons/Selected/Sprite_Mode@2x.png using Guid(ff2aa9ebc8aee604caa5f8459ac4ae43) Importer(815301076,1909f56bfc062723c751e8b465ee728b)  -> (artifact id: 'e5ab5769035345639ad6c3e61643e860') in 0.017532 seconds
  Import took 0.022767 seconds .

========================================================================
Received Import Request.
  Time since last request: 0.139604 seconds.
  path: Packages/com.unity.2d.animation/Editor/Assets/SkinningModule/Icons/Selected/Sprite_Mode.png
  artifactKey: Guid(ca778bc7303b24948abf3e907abbf2a0) Importer(815301076,1909f56bfc062723c751e8b465ee728b)
Start importing Packages/com.unity.2d.animation/Editor/Assets/SkinningModule/Icons/Selected/Sprite_Mode.png using Guid(ca778bc7303b24948abf3e907abbf2a0) Importer(815301076,1909f56bfc062723c751e8b465ee728b)  -> (artifact id: '2d3c670e9326929567c3cd4a20507890') in 0.018969 seconds
  Import took 0.024080 seconds .

========================================================================
Received Import Request.
  Time since last request: 0.000086 seconds.
  path: Packages/com.unity.2d.spriteshape/Editor/ObjectMenuCreation/DefaultAssets/Textures/Sprite Shape Corner.png
  artifactKey: Guid(608e61deb05c54660bebf5a4dd2ee02d) Importer(815301076,1909f56bfc062723c751e8b465ee728b)
Start importing Packages/com.unity.2d.spriteshape/Editor/ObjectMenuCreation/DefaultAssets/Textures/Sprite Shape Corner.png using Guid(608e61deb05c54660bebf5a4dd2ee02d) Importer(815301076,1909f56bfc062723c751e8b465ee728b)  -> (artifact id: '01a2ebbeec389b8a61a10cc1cb240c03') in 0.020890 seconds
  Import took 0.026720 seconds .

========================================================================
Received Import Request.
  Time since last request: 0.000079 seconds.
  path: Packages/com.unity.2d.animation/Editor/Assets/SkinningModule/Icons/Selected/Split_Edge@3x.png
  artifactKey: Guid(7764b2bf79a49894e8ea10f3d661a4ed) Importer(815301076,1909f56bfc062723c751e8b465ee728b)
Start importing Packages/com.unity.2d.animation/Editor/Assets/SkinningModule/Icons/Selected/Split_Edge@3x.png using Guid(7764b2bf79a49894e8ea10f3d661a4ed) Importer(815301076,1909f56bfc062723c751e8b465ee728b)  -> (artifact id: '92e208eb53b0d80c2d8b8065e7dc0c4d') in 0.026309 seconds
  Import took 0.031688 seconds .

========================================================================
Received Import Request.
  Time since last request: 0.000263 seconds.
  path: Packages/com.unity.2d.animation/Editor/Assets/SkinningModule/Icons/Light/Split_Edge@4x.png
  artifactKey: Guid(21d43e7114c758c49886cb9fc604dd66) Importer(815301076,1909f56bfc062723c751e8b465ee728b)
Start importing Packages/com.unity.2d.animation/Editor/Assets/SkinningModule/Icons/Light/Split_Edge@4x.png using Guid(21d43e7114c758c49886cb9fc604dd66) Importer(815301076,1909f56bfc062723c751e8b465ee728b)  -> (artifact id: '22eb18d2f92cc0e8e1ed3de7b76925f8') in 0.021325 seconds
  Import took 0.031188 seconds .

========================================================================
Received Import Request.
  Time since last request: 0.001490 seconds.
  path: Packages/com.unity.2d.animation/Editor/Assets/SkinningModule/Icons/Light/Split_Edge@3x.png
  artifactKey: Guid(4d2d8fb4fc2041441980b4ec253532b0) Importer(815301076,1909f56bfc062723c751e8b465ee728b)
Start importing Packages/com.unity.2d.animation/Editor/Assets/SkinningModule/Icons/Light/Split_Edge@3x.png using Guid(4d2d8fb4fc2041441980b4ec253532b0) Importer(815301076,1909f56bfc062723c751e8b465ee728b)  -> (artifact id: '1f11374dbd266c80f3c6f09be68e878e') in 0.016655 seconds
  Import took 0.025676 seconds .

========================================================================
Received Import Request.
  Time since last request: 0.000346 seconds.
  path: Packages/com.unity.2d.animation/Editor/Assets/SkinningModule/Icons/Selected/Split_Edge@2x.png
  artifactKey: Guid(2f12c9758dad4e34ea8bc886f1fdb0dd) Importer(815301076,1909f56bfc062723c751e8b465ee728b)
Start importing Packages/com.unity.2d.animation/Editor/Assets/SkinningModule/Icons/Selected/Split_Edge@2x.png using Guid(2f12c9758dad4e34ea8bc886f1fdb0dd) Importer(815301076,1909f56bfc062723c751e8b465ee728b)  -> (artifact id: 'f6d40b75ffd87545c10d2ef29e3b1a7f') in 0.060124 seconds
  Import took 0.065895 seconds .

========================================================================
Received Import Request.
  Time since last request: 0.000305 seconds.
  path: Packages/com.unity.2d.animation/Editor/Assets/SkinningModule/Icons/Selected/Split_Edge@4x.png
  artifactKey: Guid(8272ea7c59da847458432e7c88bf7766) Importer(815301076,1909f56bfc062723c751e8b465ee728b)
Start importing Packages/com.unity.2d.animation/Editor/Assets/SkinningModule/Icons/Selected/Split_Edge@4x.png using Guid(8272ea7c59da847458432e7c88bf7766) Importer(815301076,1909f56bfc062723c751e8b465ee728b)  -> (artifact id: '41a645521f7c0815a19d2db4da828353') in 0.013410 seconds
  Import took 0.065003 seconds .

========================================================================
Received Import Request.
  Time since last request: 0.077309 seconds.
  path: Packages/com.unity.2d.animation/Editor/Assets/SkinningModule/Icons/Light/Split_Edge.png
  artifactKey: Guid(900065f34a33d2e478bf93a0191f68de) Importer(815301076,1909f56bfc062723c751e8b465ee728b)
Start importing Packages/com.unity.2d.animation/Editor/Assets/SkinningModule/Icons/Light/Split_Edge.png using Guid(900065f34a33d2e478bf93a0191f68de) Importer(815301076,1909f56bfc062723c751e8b465ee728b)  -> (artifact id: 'fd9a23a1f15038c783cc16902fe5898c') in 0.009623 seconds
  Import took 0.014068 seconds .

========================================================================
Received Import Request.
  Time since last request: 0.000262 seconds.
  path: Packages/com.unity.2d.animation/Editor/Assets/SkinningModule/Icons/Light/Split_Edge@2x.png
  artifactKey: Guid(3c84cd9c7ddd51c4b959d02c41aced07) Importer(815301076,1909f56bfc062723c751e8b465ee728b)
Start importing Packages/com.unity.2d.animation/Editor/Assets/SkinningModule/Icons/Light/Split_Edge@2x.png using Guid(3c84cd9c7ddd51c4b959d02c41aced07) Importer(815301076,1909f56bfc062723c751e8b465ee728b)  -> (artifact id: '40760160a5f76f20dd1af605a9642e3c') in 0.008661 seconds
  Import took 0.012480 seconds .

========================================================================
Received Import Request.
  Time since last request: 0.000216 seconds.
  path: Packages/com.unity.2d.animation/Editor/Assets/SkinningModule/Icons/Selected/Split Bones@4x.png
  artifactKey: Guid(518ded92e5dbf494e8f76a74d752272e) Importer(815301076,1909f56bfc062723c751e8b465ee728b)
Start importing Packages/com.unity.2d.animation/Editor/Assets/SkinningModule/Icons/Selected/Split Bones@4x.png using Guid(518ded92e5dbf494e8f76a74d752272e) Importer(815301076,1909f56bfc062723c751e8b465ee728b)  -> (artifact id: '7536478a0d61553ff14b39648c6a98df') in 0.010074 seconds
  Import took 0.014578 seconds .

========================================================================
Received Import Request.
  Time since last request: 0.000264 seconds.
  path: Packages/com.unity.2d.animation/Editor/Assets/SkinningModule/Icons/Selected/Split_Edge.png
  artifactKey: Guid(8800032f7e7cdd544b74849c80ce05d4) Importer(815301076,1909f56bfc062723c751e8b465ee728b)
Start importing Packages/com.unity.2d.animation/Editor/Assets/SkinningModule/Icons/Selected/Split_Edge.png using Guid(8800032f7e7cdd544b74849c80ce05d4) Importer(815301076,1909f56bfc062723c751e8b465ee728b)  -> (artifact id: '7ec9b760d067185256b26553815350c2') in 0.008791 seconds
  Import took 0.014720 seconds .

========================================================================
Received Import Request.
  Time since last request: 0.000296 seconds.
  path: Packages/com.unity.2d.animation/Editor/Assets/SkinningModule/Icons/Light/Split Bones@4x.png
  artifactKey: Guid(e530623cd53f3ea46ac09b786f0c49ef) Importer(815301076,1909f56bfc062723c751e8b465ee728b)
Start importing Packages/com.unity.2d.animation/Editor/Assets/SkinningModule/Icons/Light/Split Bones@4x.png using Guid(e530623cd53f3ea46ac09b786f0c49ef) Importer(815301076,1909f56bfc062723c751e8b465ee728b)  -> (artifact id: '7f8c8dbecc34f03d17bac2fbc7184021') in 0.009211 seconds
  Import took 0.013160 seconds .

========================================================================
Received Import Request.
  Time since last request: 0.000220 seconds.
  path: Packages/com.unity.2d.animation/Editor/Assets/SkinningModule/Icons/Light/Split Bones@3x.png
  artifactKey: Guid(6b35476d10ed5614a949de8f7c45b534) Importer(815301076,1909f56bfc062723c751e8b465ee728b)
Start importing Packages/com.unity.2d.animation/Editor/Assets/SkinningModule/Icons/Light/Split Bones@3x.png using Guid(6b35476d10ed5614a949de8f7c45b534) Importer(815301076,1909f56bfc062723c751e8b465ee728b)  -> (artifact id: 'c78ccd6102382f99717115f0e4106d5d') in 0.008218 seconds
  Import took 0.013212 seconds .

========================================================================
Received Import Request.
  Time since last request: 0.009609 seconds.
  path: Packages/com.unity.2d.animation/Editor/Assets/SkinningModule/Icons/Selected/Split Bones.png
  artifactKey: Guid(f723a6284838af1429bbb544ecf4015d) Importer(815301076,1909f56bfc062723c751e8b465ee728b)
Start importing Packages/com.unity.2d.animation/Editor/Assets/SkinningModule/Icons/Selected/Split Bones.png using Guid(f723a6284838af1429bbb544ecf4015d) Importer(815301076,1909f56bfc062723c751e8b465ee728b)  -> (artifact id: 'df40d407cf646788165fcaa3d90ecbda') in 0.013360 seconds
  Import took 0.018315 seconds .

========================================================================
Received Import Request.
  Time since last request: 0.000233 seconds.
  path: Packages/com.unity.2d.animation/Editor/Assets/SkinningModule/Icons/Selected/Split Bones@3x.png
  artifactKey: Guid(29f90cd6202745c448e74a1398b1c731) Importer(815301076,1909f56bfc062723c751e8b465ee728b)
Start importing Packages/com.unity.2d.animation/Editor/Assets/SkinningModule/Icons/Selected/Split Bones@3x.png using Guid(29f90cd6202745c448e74a1398b1c731) Importer(815301076,1909f56bfc062723c751e8b465ee728b)  -> (artifact id: '0f7f198db3135453b5239f5ae3e920a7') in 0.007700 seconds
  Import took 0.012147 seconds .

========================================================================
Received Import Request.
  Time since last request: 0.000238 seconds.
  path: Packages/com.unity.2d.animation/Editor/Assets/SkinningModule/Icons/Selected/Split Bones@2x.png
  artifactKey: Guid(652f381007a2d2247a40aa63c91c2565) Importer(815301076,1909f56bfc062723c751e8b465ee728b)
Start importing Packages/com.unity.2d.animation/Editor/Assets/SkinningModule/Icons/Selected/Split Bones@2x.png using Guid(652f381007a2d2247a40aa63c91c2565) Importer(815301076,1909f56bfc062723c751e8b465ee728b)  -> (artifact id: '31194f1136f790321a3d9688f364752c') in 0.010930 seconds
  Import took 0.015124 seconds .

========================================================================
Received Import Request.
  Time since last request: 0.000248 seconds.
  path: Packages/com.unity.2d.animation/Editor/Assets/SkinningModule/Icons/Light/Split Bones@2x.png
  artifactKey: Guid(180eeff5b9e615349907ea53344202fa) Importer(815301076,1909f56bfc062723c751e8b465ee728b)
Start importing Packages/com.unity.2d.animation/Editor/Assets/SkinningModule/Icons/Light/Split Bones@2x.png using Guid(180eeff5b9e615349907ea53344202fa) Importer(815301076,1909f56bfc062723c751e8b465ee728b)  -> (artifact id: '27d3bed37fa91d43ef805250d1cdd74a') in 0.011156 seconds
  Import took 0.015438 seconds .

========================================================================
Received Import Request.
  Time since last request: 0.189468 seconds.
  path: Packages/com.unity.2d.path/Editor/Handles/ShapeToolPro.png
  artifactKey: Guid(20ac412813dce2241a95fcf2dad05436) Importer(815301076,1909f56bfc062723c751e8b465ee728b)
Start importing Packages/com.unity.2d.path/Editor/Handles/ShapeToolPro.png using Guid(20ac412813dce2241a95fcf2dad05436) Importer(815301076,1909f56bfc062723c751e8b465ee728b)  -> (artifact id: '1a6b51dd990e288a8fcd96b5f2b27ef1') in 0.010642 seconds
  Import took 0.015126 seconds .

========================================================================
Received Import Request.
  Time since last request: 0.000253 seconds.
  path: Packages/com.unity.2d.animation/Editor/Assets/SkinningModule/Icons/Light/Split Bones.png
  artifactKey: Guid(59bc7a7ca0683ac439e255a533670885) Importer(815301076,1909f56bfc062723c751e8b465ee728b)
Start importing Packages/com.unity.2d.animation/Editor/Assets/SkinningModule/Icons/Light/Split Bones.png using Guid(59bc7a7ca0683ac439e255a533670885) Importer(815301076,1909f56bfc062723c751e8b465ee728b)  -> (artifact id: '5331663c194cd2059c112293ed5f8f18') in 0.007727 seconds
  Import took 0.011735 seconds .

========================================================================
Received Import Request.
  Time since last request: 0.000302 seconds.
  path: Assets/Design/Mission5/Mission/Radar_ON.png
  artifactKey: Guid(8e849a4a1b37c6140891f1c27032aa8f) Importer(815301076,1909f56bfc062723c751e8b465ee728b)
Start importing Assets/Design/Mission5/Mission/Radar_ON.png using Guid(8e849a4a1b37c6140891f1c27032aa8f) Importer(815301076,1909f56bfc062723c751e8b465ee728b)  -> (artifact id: '8f317206b05d72141188ae9ac03d72a5') in 0.015943 seconds
  Import took 0.020633 seconds .

========================================================================
Received Import Request.
  Time since last request: 0.000224 seconds.
  path: Packages/com.unity.2d.path/Editor/Handles/ShapeTool.png
  artifactKey: Guid(0601759dc49769849996e4dae10a2204) Importer(815301076,1909f56bfc062723c751e8b465ee728b)
Start importing Packages/com.unity.2d.path/Editor/Handles/ShapeTool.png using Guid(0601759dc49769849996e4dae10a2204) Importer(815301076,1909f56bfc062723c751e8b465ee728b)  -> (artifact id: '7a728557f9aa879689d4761791e0464a') in 0.012219 seconds
  Import took 0.017012 seconds .

========================================================================
Received Import Request.
  Time since last request: 0.000345 seconds.
  path: Assets/Design/Mission5/Mission/Radar_OFF.png
  artifactKey: Guid(50fbc967b3cfe574b9ea3fbdd7606f68) Importer(815301076,1909f56bfc062723c751e8b465ee728b)
Start importing Assets/Design/Mission5/Mission/Radar_OFF.png using Guid(50fbc967b3cfe574b9ea3fbdd7606f68) Importer(815301076,1909f56bfc062723c751e8b465ee728b)  -> (artifact id: '02967599213d02c53bf7d86f2ed8998c') in 0.010431 seconds
  Import took 0.014793 seconds .

========================================================================
Received Import Request.
  Time since last request: 0.000214 seconds.
  path: Assets/Design/Mission5/Decor/Radar_decor_hover.png
  artifactKey: Guid(3c8ee26ed16600348bb9659873941a3d) Importer(815301076,1909f56bfc062723c751e8b465ee728b)
Start importing Assets/Design/Mission5/Decor/Radar_decor_hover.png using Guid(3c8ee26ed16600348bb9659873941a3d) Importer(815301076,1909f56bfc062723c751e8b465ee728b)  -> (artifact id: 'd1befad810881875e3cd8f79d752d589') in 0.020213 seconds
  Import took 0.024298 seconds .

========================================================================
Received Import Request.
  Time since last request: 0.000247 seconds.
  path: Assets/Design/Mission5/Decor/Radar_decor.png
  artifactKey: Guid(0c11bbba54790224e8b056247451e8dc) Importer(815301076,1909f56bfc062723c751e8b465ee728b)
Start importing Assets/Design/Mission5/Decor/Radar_decor.png using Guid(0c11bbba54790224e8b056247451e8dc) Importer(815301076,1909f56bfc062723c751e8b465ee728b)  -> (artifact id: '26ab1181a4ec79181365f7845c519e43') in 0.010769 seconds
  Import took 0.016742 seconds .

========================================================================
Received Import Request.
  Time since last request: 1.760700 seconds.
  path: Packages/com.unity.2d.animation/Editor/Assets/SkinningModule/Icons/Selected/Paste@3x.png
  artifactKey: Guid(e6fe7bda78bd09a46bb7f4a684a91927) Importer(815301076,1909f56bfc062723c751e8b465ee728b)
Start importing Packages/com.unity.2d.animation/Editor/Assets/SkinningModule/Icons/Selected/Paste@3x.png using Guid(e6fe7bda78bd09a46bb7f4a684a91927) Importer(815301076,1909f56bfc062723c751e8b465ee728b)  -> (artifact id: '68d8d36863a1d9d61afd2c9fce21480b') in 0.011931 seconds
  Import took 0.017356 seconds .

========================================================================
Received Import Request.
  Time since last request: 0.000282 seconds.
  path: Packages/com.unity.2d.animation/Editor/Assets/SkinningModule/Icons/Light/Paste@4x.png
  artifactKey: Guid(f53eca637c0194e4ab6729cf60753757) Importer(815301076,1909f56bfc062723c751e8b465ee728b)
Start importing Packages/com.unity.2d.animation/Editor/Assets/SkinningModule/Icons/Light/Paste@4x.png using Guid(f53eca637c0194e4ab6729cf60753757) Importer(815301076,1909f56bfc062723c751e8b465ee728b)  -> (artifact id: 'b6b65c07a97ab93631c665ac6a0e8b8f') in 0.011307 seconds
  Import took 0.015831 seconds .

========================================================================
Received Import Request.
  Time since last request: 0.000245 seconds.
  path: Packages/com.unity.2d.animation/Editor/Assets/SkinningModule/Icons/Light/Parent_Bone@3x.png
  artifactKey: Guid(a316f87205656c949a135f4c7ae8d5f2) Importer(815301076,1909f56bfc062723c751e8b465ee728b)
Start importing Packages/com.unity.2d.animation/Editor/Assets/SkinningModule/Icons/Light/Parent_Bone@3x.png using Guid(a316f87205656c949a135f4c7ae8d5f2) Importer(815301076,1909f56bfc062723c751e8b465ee728b)  -> (artifact id: 'fca1592c1f3b635583bd6bd83fdb375e') in 0.011653 seconds
  Import took 0.016139 seconds .

========================================================================
Received Import Request.
  Time since last request: 0.000278 seconds.
  path: Packages/com.unity.2d.animation/Editor/Assets/SkinningModule/Icons/Selected/Parent_Bone@3x.png
  artifactKey: Guid(6f4409ce938bf9447a36e531f7755ca7) Importer(815301076,1909f56bfc062723c751e8b465ee728b)
Start importing Packages/com.unity.2d.animation/Editor/Assets/SkinningModule/Icons/Selected/Parent_Bone@3x.png using Guid(6f4409ce938bf9447a36e531f7755ca7) Importer(815301076,1909f56bfc062723c751e8b465ee728b)  -> (artifact id: '291d7f8fec5d68f9d1ea82f67fe16d08') in 0.010333 seconds
  Import took 0.015535 seconds .

========================================================================
Received Import Request.
  Time since last request: 0.000357 seconds.
  path: Packages/com.unity.2d.animation/Editor/Assets/SkinningModule/Icons/Light/Parent_Bone@4x.png
  artifactKey: Guid(d0604e80537a4ff4881a6182ae5afe7c) Importer(815301076,1909f56bfc062723c751e8b465ee728b)
Start importing Packages/com.unity.2d.animation/Editor/Assets/SkinningModule/Icons/Light/Parent_Bone@4x.png using Guid(d0604e80537a4ff4881a6182ae5afe7c) Importer(815301076,1909f56bfc062723c751e8b465ee728b)  -> (artifact id: '51ab6a00860c84ad16b976a8b2736b7f') in 0.010706 seconds
  Import took 0.014992 seconds .

========================================================================
Received Import Request.
  Time since last request: 0.000253 seconds.
  path: Packages/com.unity.2d.animation/Editor/Assets/SkinningModule/Icons/Selected/Paste@2x.png
  artifactKey: Guid(cd0250057a3f07346b60675b355c3e06) Importer(815301076,1909f56bfc062723c751e8b465ee728b)
Start importing Packages/com.unity.2d.animation/Editor/Assets/SkinningModule/Icons/Selected/Paste@2x.png using Guid(cd0250057a3f07346b60675b355c3e06) Importer(815301076,1909f56bfc062723c751e8b465ee728b)  -> (artifact id: '615c3388cf380afa5bab9ec9d8bf7a75') in 0.009294 seconds
  Import took 0.013697 seconds .

========================================================================
Received Import Request.
  Time since last request: 0.000078 seconds.
  path: Packages/com.unity.2d.animation/Editor/Assets/SkinningModule/Icons/Selected/Paste.png
  artifactKey: Guid(50eb3d76f731b5e46a7b8a0a52d93ef9) Importer(815301076,1909f56bfc062723c751e8b465ee728b)
Start importing Packages/com.unity.2d.animation/Editor/Assets/SkinningModule/Icons/Selected/Paste.png using Guid(50eb3d76f731b5e46a7b8a0a52d93ef9) Importer(815301076,1909f56bfc062723c751e8b465ee728b)  -> (artifact id: '36e6192fdc48505394a54e6195251a7c') in 0.011728 seconds
  Import took 0.016935 seconds .

========================================================================
Received Import Request.
  Time since last request: 0.000459 seconds.
  path: Packages/com.unity.2d.animation/Editor/Assets/SkinningModule/Icons/Selected/Parent_Bone@4x.png
  artifactKey: Guid(03b3f669dc5706a4592344c6385af858) Importer(815301076,1909f56bfc062723c751e8b465ee728b)
Start importing Packages/com.unity.2d.animation/Editor/Assets/SkinningModule/Icons/Selected/Parent_Bone@4x.png using Guid(03b3f669dc5706a4592344c6385af858) Importer(815301076,1909f56bfc062723c751e8b465ee728b)  -> (artifact id: 'd51eac3d813d8147c697f6adc5bcbf91') in 0.009643 seconds
  Import took 0.014193 seconds .

========================================================================
Received Import Request.
  Time since last request: 0.000223 seconds.
  path: Packages/com.unity.collab-proxy/Editor/PlasticSCM/Assets/Images/ok.png
  artifactKey: Guid(3238dca1e9ea9fb4aa64b28298ba6dbd) Importer(815301076,1909f56bfc062723c751e8b465ee728b)
Start importing Packages/com.unity.collab-proxy/Editor/PlasticSCM/Assets/Images/ok.png using Guid(3238dca1e9ea9fb4aa64b28298ba6dbd) Importer(815301076,1909f56bfc062723c751e8b465ee728b)  -> (artifact id: 'b459f8ff2bebc5fa9d92b277ba10b328') in 0.008617 seconds
  Import took 0.012300 seconds .

========================================================================
Received Import Request.
  Time since last request: 0.000074 seconds.
  path: Packages/com.unity.2d.animation/Editor/Assets/SkinningModule/Icons/Light/Paste.png
  artifactKey: Guid(94cc0d3ec6363a94c8802f10ef239744) Importer(815301076,1909f56bfc062723c751e8b465ee728b)
Start importing Packages/com.unity.2d.animation/Editor/Assets/SkinningModule/Icons/Light/Paste.png using Guid(94cc0d3ec6363a94c8802f10ef239744) Importer(815301076,1909f56bfc062723c751e8b465ee728b)  -> (artifact id: 'cc06a8a2781b1b9140a9fc532e413cbf') in 0.008916 seconds
  Import took 0.014542 seconds .

========================================================================
Received Import Request.
  Time since last request: 0.000230 seconds.
  path: Packages/com.unity.2d.animation/Editor/Assets/SkinningModule/Icons/Selected/Parent_Bone.png
  artifactKey: Guid(1b8ac2bef8a060f4ca19b22a3720cb0e) Importer(815301076,1909f56bfc062723c751e8b465ee728b)
Start importing Packages/com.unity.2d.animation/Editor/Assets/SkinningModule/Icons/Selected/Parent_Bone.png using Guid(1b8ac2bef8a060f4ca19b22a3720cb0e) Importer(815301076,1909f56bfc062723c751e8b465ee728b)  -> (artifact id: '4abdb4c61dad09bf6b8d512b3e990db9') in 0.009521 seconds
  Import took 0.014093 seconds .

========================================================================
Received Import Request.
  Time since last request: 0.000275 seconds.
  path: Packages/com.unity.2d.animation/Editor/Assets/SkinningModule/Icons/Selected/d_Mesh@3x.png
  artifactKey: Guid(e79a9e9d6396eba438900afb0357e808) Importer(815301076,1909f56bfc062723c751e8b465ee728b)
Start importing Packages/com.unity.2d.animation/Editor/Assets/SkinningModule/Icons/Selected/d_Mesh@3x.png using Guid(e79a9e9d6396eba438900afb0357e808) Importer(815301076,1909f56bfc062723c751e8b465ee728b)  -> (artifact id: 'd63b58f1775cc83fa81d074eb0a02e39') in 0.008880 seconds
  Import took 0.013644 seconds .

========================================================================
Received Import Request.
  Time since last request: 0.000218 seconds.
  path: Packages/com.unity.2d.animation/Editor/Assets/SkinningModule/Icons/Dark/d_Mesh@3x.png
  artifactKey: Guid(7a1683154a74c9d4e9f993bd6c54f947) Importer(815301076,1909f56bfc062723c751e8b465ee728b)
Start importing Packages/com.unity.2d.animation/Editor/Assets/SkinningModule/Icons/Dark/d_Mesh@3x.png using Guid(7a1683154a74c9d4e9f993bd6c54f947) Importer(815301076,1909f56bfc062723c751e8b465ee728b)  -> (artifact id: '8e3342ce6a18bd0250d733d767e1d268') in 0.008696 seconds
  Import took 0.013035 seconds .

========================================================================
Received Import Request.
  Time since last request: 0.000224 seconds.
  path: Packages/com.unity.2d.animation/Editor/Assets/SkinningModule/Icons/Selected/d_Mesh@2x.png
  artifactKey: Guid(a14979d2b0467b14abf4467f248460fb) Importer(815301076,1909f56bfc062723c751e8b465ee728b)
Start importing Packages/com.unity.2d.animation/Editor/Assets/SkinningModule/Icons/Selected/d_Mesh@2x.png using Guid(a14979d2b0467b14abf4467f248460fb) Importer(815301076,1909f56bfc062723c751e8b465ee728b)  -> (artifact id: '698e37c2222bc70d4c1c4bc100c32553') in 0.021084 seconds
  Import took 0.025269 seconds .

========================================================================
Received Import Request.
  Time since last request: 0.000240 seconds.
  path: Packages/com.unity.2d.animation/Editor/Assets/SkinningModule/Icons/Dark/d_Mesh@2x.png
  artifactKey: Guid(fc8dcc4a15d828e4686470389805489c) Importer(815301076,1909f56bfc062723c751e8b465ee728b)
Start importing Packages/com.unity.2d.animation/Editor/Assets/SkinningModule/Icons/Dark/d_Mesh@2x.png using Guid(fc8dcc4a15d828e4686470389805489c) Importer(815301076,1909f56bfc062723c751e8b465ee728b)  -> (artifact id: '6a27e39e7f0d78cca3b2a65659b0638e') in 0.007874 seconds
  Import took 0.012643 seconds .

========================================================================
Received Import Request.
  Time since last request: 0.000215 seconds.
  path: Packages/com.unity.2d.animation/Editor/Assets/SkinningModule/Icons/Light/Paste@2x.png
  artifactKey: Guid(54b8604d8a7085842917d5b83ca73854) Importer(815301076,1909f56bfc062723c751e8b465ee728b)
Start importing Packages/com.unity.2d.animation/Editor/Assets/SkinningModule/Icons/Light/Paste@2x.png using Guid(54b8604d8a7085842917d5b83ca73854) Importer(815301076,1909f56bfc062723c751e8b465ee728b)  -> (artifact id: 'e407c738177a2da56c676083ae499070') in 0.008493 seconds
  Import took 0.012830 seconds .

========================================================================
Received Import Request.
  Time since last request: 0.000211 seconds.
  path: Packages/com.unity.2d.animation/Editor/Assets/SkinningModule/Icons/Light/Parent_Bone.png
  artifactKey: Guid(2972f301b2bf3dd46989677197b9a34d) Importer(815301076,1909f56bfc062723c751e8b465ee728b)
Start importing Packages/com.unity.2d.animation/Editor/Assets/SkinningModule/Icons/Light/Parent_Bone.png using Guid(2972f301b2bf3dd46989677197b9a34d) Importer(815301076,1909f56bfc062723c751e8b465ee728b)  -> (artifact id: '22060bdb15e53b3441526d832cd5d3c7') in 0.008974 seconds
  Import took 0.015818 seconds .

========================================================================
Received Import Request.
  Time since last request: 0.000399 seconds.
  path: Packages/com.unity.2d.animation/Editor/Assets/SkinningModule/Icons/Selected/Paste@4x.png
  artifactKey: Guid(5d4fa2fdecdadcb468baaedc792cc439) Importer(815301076,1909f56bfc062723c751e8b465ee728b)
Start importing Packages/com.unity.2d.animation/Editor/Assets/SkinningModule/Icons/Selected/Paste@4x.png using Guid(5d4fa2fdecdadcb468baaedc792cc439) Importer(815301076,1909f56bfc062723c751e8b465ee728b)  -> (artifact id: '25e79477c4a35a4ab1e32cb69733424d') in 0.010402 seconds
  Import took 0.015074 seconds .

========================================================================
Received Import Request.
  Time since last request: 0.000226 seconds.
  path: Packages/com.unity.2d.animation/Editor/Assets/SkinningModule/Icons/Light/Parent_Bone@2x.png
  artifactKey: Guid(fc9e5a25e0610a347b46fd10daa3f0cd) Importer(815301076,1909f56bfc062723c751e8b465ee728b)
Start importing Packages/com.unity.2d.animation/Editor/Assets/SkinningModule/Icons/Light/Parent_Bone@2x.png using Guid(fc9e5a25e0610a347b46fd10daa3f0cd) Importer(815301076,1909f56bfc062723c751e8b465ee728b)  -> (artifact id: '6b5b147deab9b5532d10feead3a7500d') in 0.008846 seconds
  Import took 0.013335 seconds .

========================================================================
Received Import Request.
  Time since last request: 0.000213 seconds.
  path: Packages/com.unity.2d.animation/Editor/Assets/SkinningModule/Icons/Dark/d_Mesh@4x.png
  artifactKey: Guid(39b89ea328c2cad4abef27aedb17a4a3) Importer(815301076,1909f56bfc062723c751e8b465ee728b)
Start importing Packages/com.unity.2d.animation/Editor/Assets/SkinningModule/Icons/Dark/d_Mesh@4x.png using Guid(39b89ea328c2cad4abef27aedb17a4a3) Importer(815301076,1909f56bfc062723c751e8b465ee728b)  -> (artifact id: 'ed5515b378d57ee17234176e6fa9aa60') in 0.011566 seconds
  Import took 0.015295 seconds .

========================================================================
Received Import Request.
  Time since last request: 0.000220 seconds.
  path: Packages/com.unity.2d.animation/Editor/Assets/SkinningModule/Icons/Selected/d_Mesh@4x.png
  artifactKey: Guid(2b4752bce841cc74bb73820ce5212d34) Importer(815301076,1909f56bfc062723c751e8b465ee728b)
Start importing Packages/com.unity.2d.animation/Editor/Assets/SkinningModule/Icons/Selected/d_Mesh@4x.png using Guid(2b4752bce841cc74bb73820ce5212d34) Importer(815301076,1909f56bfc062723c751e8b465ee728b)  -> (artifact id: '5a02af03151b83f31838b41c87c36441') in 0.017165 seconds
  Import took 0.028134 seconds .

========================================================================
Received Import Request.
  Time since last request: 0.000082 seconds.
  path: Packages/com.unity.2d.animation/Editor/Assets/SkinningModule/Icons/Selected/character_Mode.png
  artifactKey: Guid(e60718119cec31e4190849292fcde068) Importer(815301076,1909f56bfc062723c751e8b465ee728b)
Start importing Packages/com.unity.2d.animation/Editor/Assets/SkinningModule/Icons/Selected/character_Mode.png using Guid(e60718119cec31e4190849292fcde068) Importer(815301076,1909f56bfc062723c751e8b465ee728b)  -> (artifact id: '26dfa14428d88831d6cb36d5e7c07a21') in 0.056494 seconds
  Import took 0.061563 seconds .

========================================================================
Received Import Request.
  Time since last request: 0.000147 seconds.
  path: Packages/com.unity.2d.animation/Editor/Assets/SkinningModule/Icons/Selected/d_Mesh.png
  artifactKey: Guid(1f9ef263156323d4dbaab5a1b41a61e6) Importer(815301076,1909f56bfc062723c751e8b465ee728b)
Start importing Packages/com.unity.2d.animation/Editor/Assets/SkinningModule/Icons/Selected/d_Mesh.png using Guid(1f9ef263156323d4dbaab5a1b41a61e6) Importer(815301076,1909f56bfc062723c751e8b465ee728b)  -> (artifact id: '7c10d0a22e881307f5fbf7070084f025') in 0.016154 seconds
  Import took 0.022056 seconds .

========================================================================
Received Import Request.
  Time since last request: 0.000294 seconds.
  path: Packages/com.unity.2d.animation/Editor/Assets/SkinningModule/Icons/Light/Paste@3x.png
  artifactKey: Guid(2b072f285a732f747b9be104aae155b2) Importer(815301076,1909f56bfc062723c751e8b465ee728b)
Start importing Packages/com.unity.2d.animation/Editor/Assets/SkinningModule/Icons/Light/Paste@3x.png using Guid(2b072f285a732f747b9be104aae155b2) Importer(815301076,1909f56bfc062723c751e8b465ee728b)  -> (artifact id: 'ae037144ca729ed64c551225a06297d7') in 0.008058 seconds
  Import took 0.011872 seconds .

========================================================================
Received Import Request.
  Time since last request: 0.000077 seconds.
  path: Packages/com.unity.2d.animation/Editor/Assets/SkinningModule/Icons/Dark/d_Mesh.png
  artifactKey: Guid(f4e90b0a1e5a5bc46897cdcf5a142111) Importer(815301076,1909f56bfc062723c751e8b465ee728b)
Start importing Packages/com.unity.2d.animation/Editor/Assets/SkinningModule/Icons/Dark/d_Mesh.png using Guid(f4e90b0a1e5a5bc46897cdcf5a142111) Importer(815301076,1909f56bfc062723c751e8b465ee728b)  -> (artifact id: '3f00cea10b1589eb25105c83e6ef462a') in 0.014483 seconds
  Import took 0.018484 seconds .

========================================================================
Received Import Request.
  Time since last request: 0.000192 seconds.
  path: Packages/com.unity.collab-proxy/Editor/PlasticSCM/Assets/Images/d_loading@2x.png
  artifactKey: Guid(7ee48c5fba4919649a8a6094cbead669) Importer(815301076,1909f56bfc062723c751e8b465ee728b)
Start importing Packages/com.unity.collab-proxy/Editor/PlasticSCM/Assets/Images/d_loading@2x.png using Guid(7ee48c5fba4919649a8a6094cbead669) Importer(815301076,1909f56bfc062723c751e8b465ee728b)  -> (artifact id: 'bf43b167708b2068d1a7aec205f5dfde') in 0.015010 seconds
  Import took 0.020038 seconds .

========================================================================
Received Import Request.
  Time since last request: 0.000091 seconds.
  path: Packages/com.unity.2d.animation/Editor/Assets/SkinningModule/Icons/Light/character_Mode.png
  artifactKey: Guid(d4d64a6cd9624c34a815dd79fb2a20a4) Importer(815301076,1909f56bfc062723c751e8b465ee728b)
Start importing Packages/com.unity.2d.animation/Editor/Assets/SkinningModule/Icons/Light/character_Mode.png using Guid(d4d64a6cd9624c34a815dd79fb2a20a4) Importer(815301076,1909f56bfc062723c751e8b465ee728b)  -> (artifact id: 'b5ee3ee2502e20a93ce2d3c62772096f') in 0.008130 seconds
  Import took 0.011943 seconds .

========================================================================
Received Import Request.
  Time since last request: 0.000255 seconds.
  path: Packages/com.unity.2d.animation/Editor/Assets/SkinningModule/Icons/Selected/Parent_Bone@2x.png
  artifactKey: Guid(698621c9178225f4b8fbaffd383d579e) Importer(815301076,1909f56bfc062723c751e8b465ee728b)
Start importing Packages/com.unity.2d.animation/Editor/Assets/SkinningModule/Icons/Selected/Parent_Bone@2x.png using Guid(698621c9178225f4b8fbaffd383d579e) Importer(815301076,1909f56bfc062723c751e8b465ee728b)  -> (artifact id: 'e25223cebe6fad1e6738fda8f86e9ab8') in 0.024612 seconds
  Import took 0.029220 seconds .

========================================================================
Received Import Request.
  Time since last request: 770.077459 seconds.
  path: Assets/Scripts/Interactions/DDPickupAction.cs
  artifactKey: Guid(cc4e53bc7e0e2fc4788fae1503b2bb83) Importer(815301076,1909f56bfc062723c751e8b465ee728b)
Start importing Assets/Scripts/Interactions/DDPickupAction.cs using Guid(cc4e53bc7e0e2fc4788fae1503b2bb83) Importer(815301076,1909f56bfc062723c751e8b465ee728b)  -> (artifact id: 'ac99b6426d9699f16126e1b89c47f8d1') in 0.015343 seconds
  Import took 0.030244 seconds .

========================================================================
Received Prepare
Registering precompiled user dll's ...
Registered in 0.004789 seconds.
Begin MonoManager ReloadAssembly
Native extension for WindowsStandalone target not found
Native extension for WebGL target not found
Refreshing native plugins compatible for Editor in 0.56 ms, found 3 plugins.
Preloading 0 native plugins for Editor in 0.00 ms.
Mono: successfully reloaded assembly
- Completed reload, in  1.291 seconds
Platform modules already initialized, skipping
Refreshing native plugins compatible for Editor in 0.84 ms, found 3 plugins.
Preloading 0 native plugins for Editor in 0.00 ms.
Unloading 2344 Unused Serialized files (Serialized files now loaded: 0)
System memory in use before: 106.6 MB.
System memory in use after: 106.7 MB.

Unloading 26 unused Assets to reduce memory usage. Loaded Objects now: 2865.
Total: 3.581000 ms (FindLiveObjects: 0.244400 ms CreateObjectMapping: 0.123200 ms MarkObjects: 3.069300 ms  DeleteObjects: 0.142900 ms)

========================================================================
Received Prepare
Registering precompiled user dll's ...
Registered in 0.005004 seconds.
Begin MonoManager ReloadAssembly
Native extension for WindowsStandalone target not found
Native extension for WebGL target not found
Refreshing native plugins compatible for Editor in 0.52 ms, found 3 plugins.
Preloading 0 native plugins for Editor in 0.00 ms.
Mono: successfully reloaded assembly
- Completed reload, in  1.282 seconds
Platform modules already initialized, skipping
Refreshing native plugins compatible for Editor in 0.59 ms, found 3 plugins.
Preloading 0 native plugins for Editor in 0.00 ms.
Unloading 2344 Unused Serialized files (Serialized files now loaded: 0)
System memory in use before: 106.6 MB.
System memory in use after: 106.7 MB.

Unloading 26 unused Assets to reduce memory usage. Loaded Objects now: 2870.
Total: 2.455700 ms (FindLiveObjects: 0.218400 ms CreateObjectMapping: 0.095500 ms MarkObjects: 2.040900 ms  DeleteObjects: 0.100200 ms)

========================================================================
Received Import Request.
  Time since last request: 20.605124 seconds.
  path: Assets/Scripts/Interactions/DDPickupAction.cs
  artifactKey: Guid(cc4e53bc7e0e2fc4788fae1503b2bb83) Importer(815301076,1909f56bfc062723c751e8b465ee728b)
Start importing Assets/Scripts/Interactions/DDPickupAction.cs using Guid(cc4e53bc7e0e2fc4788fae1503b2bb83) Importer(815301076,1909f56bfc062723c751e8b465ee728b)  -> (artifact id: 'ae90f0d3bd95ba9a81d20d26dbaba66d') in 0.005383 seconds
  Import took 0.008827 seconds .

========================================================================
Received Prepare
Registering precompiled user dll's ...
Registered in 0.006774 seconds.
Begin MonoManager ReloadAssembly
Native extension for WindowsStandalone target not found
Native extension for WebGL target not found
Refreshing native plugins compatible for Editor in 1.42 ms, found 3 plugins.
Preloading 0 native plugins for Editor in 0.00 ms.
Mono: successfully reloaded assembly
- Completed reload, in  1.184 seconds
Platform modules already initialized, skipping
Refreshing native plugins compatible for Editor in 0.51 ms, found 3 plugins.
Preloading 0 native plugins for Editor in 0.00 ms.
Unloading 2344 Unused Serialized files (Serialized files now loaded: 0)
System memory in use before: 106.6 MB.
System memory in use after: 106.6 MB.

Unloading 26 unused Assets to reduce memory usage. Loaded Objects now: 2875.
Total: 2.370900 ms (FindLiveObjects: 0.215900 ms CreateObjectMapping: 0.099300 ms MarkObjects: 1.920300 ms  DeleteObjects: 0.134500 ms)

========================================================================
Received Import Request.
  Time since last request: 73.803172 seconds.
  path: Assets/Scripts/Action
  artifactKey: Guid(2d216654373159249a6ac61f115f5487) Importer(815301076,1909f56bfc062723c751e8b465ee728b)
Start importing Assets/Scripts/Action using Guid(2d216654373159249a6ac61f115f5487) Importer(815301076,1909f56bfc062723c751e8b465ee728b)  -> (artifact id: '542f0d042bc3eeff2bca72d8fa0b8181') in 0.010879 seconds
  Import took 0.015106 seconds .

========================================================================
Received Prepare
Registering precompiled user dll's ...
Registered in 0.004570 seconds.
Begin MonoManager ReloadAssembly
Native extension for WindowsStandalone target not found
Native extension for WebGL target not found
Refreshing native plugins compatible for Editor in 0.52 ms, found 3 plugins.
Preloading 0 native plugins for Editor in 0.00 ms.
Mono: successfully reloaded assembly
- Completed reload, in  1.254 seconds
Platform modules already initialized, skipping
Refreshing native plugins compatible for Editor in 0.51 ms, found 3 plugins.
Preloading 0 native plugins for Editor in 0.00 ms.
Unloading 2344 Unused Serialized files (Serialized files now loaded: 0)
System memory in use before: 106.7 MB.
System memory in use after: 106.7 MB.

Unloading 26 unused Assets to reduce memory usage. Loaded Objects now: 2880.
Total: 2.295000 ms (FindLiveObjects: 0.247600 ms CreateObjectMapping: 0.100800 ms MarkObjects: 1.836700 ms  DeleteObjects: 0.108900 ms)

========================================================================
Received Prepare
Registering precompiled user dll's ...
Registered in 0.004840 seconds.
Begin MonoManager ReloadAssembly
Native extension for WindowsStandalone target not found
Native extension for WebGL target not found
Refreshing native plugins compatible for Editor in 0.53 ms, found 3 plugins.
Preloading 0 native plugins for Editor in 0.00 ms.
Mono: successfully reloaded assembly
- Completed reload, in  1.162 seconds
Platform modules already initialized, skipping
Refreshing native plugins compatible for Editor in 0.55 ms, found 3 plugins.
Preloading 0 native plugins for Editor in 0.00 ms.
Unloading 2344 Unused Serialized files (Serialized files now loaded: 0)
System memory in use before: 106.7 MB.
System memory in use after: 106.8 MB.

Unloading 26 unused Assets to reduce memory usage. Loaded Objects now: 2885.
Total: 2.430900 ms (FindLiveObjects: 0.220400 ms CreateObjectMapping: 0.101300 ms MarkObjects: 1.987600 ms  DeleteObjects: 0.120700 ms)

========================================================================
Received Import Request.
  Time since last request: 76.114004 seconds.
  path: Assets/Scripts/Action/OnClickDoAction.cs
  artifactKey: Guid(ff0fa5fdc90779545bd1c69856eb2383) Importer(815301076,1909f56bfc062723c751e8b465ee728b)
Start importing Assets/Scripts/Action/OnClickDoAction.cs using Guid(ff0fa5fdc90779545bd1c69856eb2383) Importer(815301076,1909f56bfc062723c751e8b465ee728b)  -> (artifact id: '62192f374bb56b047ee3a057c73c1515') in 0.031453 seconds
  Import took 0.035278 seconds .

========================================================================
Received Prepare
Registering precompiled user dll's ...
Registered in 0.004929 seconds.
Begin MonoManager ReloadAssembly
Native extension for WindowsStandalone target not found
Native extension for WebGL target not found
Refreshing native plugins compatible for Editor in 0.58 ms, found 3 plugins.
Preloading 0 native plugins for Editor in 0.00 ms.
Mono: successfully reloaded assembly
- Completed reload, in  1.229 seconds
Platform modules already initialized, skipping
Refreshing native plugins compatible for Editor in 0.53 ms, found 3 plugins.
Preloading 0 native plugins for Editor in 0.00 ms.
Unloading 2345 Unused Serialized files (Serialized files now loaded: 0)
System memory in use before: 106.7 MB.
System memory in use after: 106.8 MB.

Unloading 26 unused Assets to reduce memory usage. Loaded Objects now: 2891.
Total: 2.648900 ms (FindLiveObjects: 0.226700 ms CreateObjectMapping: 0.105900 ms MarkObjects: 2.202500 ms  DeleteObjects: 0.112600 ms)

========================================================================
Received Prepare
Registering precompiled user dll's ...
Registered in 0.004577 seconds.
Begin MonoManager ReloadAssembly
Native extension for WindowsStandalone target not found
Native extension for WebGL target not found
Refreshing native plugins compatible for Editor in 0.53 ms, found 3 plugins.
Preloading 0 native plugins for Editor in 0.00 ms.
Mono: successfully reloaded assembly
- Completed reload, in  1.123 seconds
Platform modules already initialized, skipping
Refreshing native plugins compatible for Editor in 0.52 ms, found 3 plugins.
Preloading 0 native plugins for Editor in 0.00 ms.
Unloading 2345 Unused Serialized files (Serialized files now loaded: 0)
System memory in use before: 106.7 MB.
System memory in use after: 106.8 MB.

Unloading 26 unused Assets to reduce memory usage. Loaded Objects now: 2896.
Total: 3.016600 ms (FindLiveObjects: 0.218200 ms CreateObjectMapping: 0.101300 ms MarkObjects: 2.547500 ms  DeleteObjects: 0.148500 ms)

========================================================================
Received Import Request.
  Time since last request: 185.685797 seconds.
  path: Assets/Scripts/Action/OnClickDoAction.cs
  artifactKey: Guid(ff0fa5fdc90779545bd1c69856eb2383) Importer(815301076,1909f56bfc062723c751e8b465ee728b)
Start importing Assets/Scripts/Action/OnClickDoAction.cs using Guid(ff0fa5fdc90779545bd1c69856eb2383) Importer(815301076,1909f56bfc062723c751e8b465ee728b)  -> (artifact id: '1071979b416b3923b93c191b5a197f79') in 0.004074 seconds
  Import took 0.007665 seconds .

========================================================================
Received Import Request.
  Time since last request: 2.024305 seconds.
  path: Assets/Scripts/General/StaticLib.cs
  artifactKey: Guid(3f99153a63740a840a55bece1a6e5777) Importer(815301076,1909f56bfc062723c751e8b465ee728b)
Start importing Assets/Scripts/General/StaticLib.cs using Guid(3f99153a63740a840a55bece1a6e5777) Importer(815301076,1909f56bfc062723c751e8b465ee728b)  -> (artifact id: '32293bd1a9b22bd5c7122173809ccc29') in 0.003608 seconds
  Import took 0.008985 seconds .

========================================================================
Received Import Request.
  Time since last request: 0.024073 seconds.
  path: Assets/Scripts/General/StaticLib.cs
  artifactKey: Guid(3f99153a63740a840a55bece1a6e5777) Importer(815301076,1909f56bfc062723c751e8b465ee728b)
Start importing Assets/Scripts/General/StaticLib.cs using Guid(3f99153a63740a840a55bece1a6e5777) Importer(815301076,1909f56bfc062723c751e8b465ee728b)  -> (artifact id: '32293bd1a9b22bd5c7122173809ccc29') in 0.004233 seconds
  Import took 0.007981 seconds .

========================================================================
Received Prepare
Registering precompiled user dll's ...
Registered in 0.007291 seconds.
Begin MonoManager ReloadAssembly
Native extension for WindowsStandalone target not found
Native extension for WebGL target not found
Refreshing native plugins compatible for Editor in 0.54 ms, found 3 plugins.
Preloading 0 native plugins for Editor in 0.00 ms.
Mono: successfully reloaded assembly
- Completed reload, in  1.159 seconds
Platform modules already initialized, skipping
Refreshing native plugins compatible for Editor in 0.54 ms, found 3 plugins.
Preloading 0 native plugins for Editor in 0.00 ms.
Unloading 2345 Unused Serialized files (Serialized files now loaded: 0)
System memory in use before: 106.6 MB.
System memory in use after: 106.7 MB.

Unloading 26 unused Assets to reduce memory usage. Loaded Objects now: 2901.
Total: 2.718400 ms (FindLiveObjects: 0.217400 ms CreateObjectMapping: 0.103400 ms MarkObjects: 2.260400 ms  DeleteObjects: 0.135900 ms)

========================================================================
Received Import Request.
  Time since last request: 191.333988 seconds.
  path: Assets/Scripts/General/StaticLib.cs
  artifactKey: Guid(3f99153a63740a840a55bece1a6e5777) Importer(815301076,1909f56bfc062723c751e8b465ee728b)
Start importing Assets/Scripts/General/StaticLib.cs using Guid(3f99153a63740a840a55bece1a6e5777) Importer(815301076,1909f56bfc062723c751e8b465ee728b)  -> (artifact id: '864c1cb8fd1b8810cd61853795543a70') in 0.004470 seconds
  Import took 0.008408 seconds .

========================================================================
Received Prepare
Registering precompiled user dll's ...
Registered in 0.008939 seconds.
Begin MonoManager ReloadAssembly
Native extension for WindowsStandalone target not found
Native extension for WebGL target not found
Refreshing native plugins compatible for Editor in 0.86 ms, found 3 plugins.
Preloading 0 native plugins for Editor in 0.00 ms.
Mono: successfully reloaded assembly
- Completed reload, in  1.548 seconds
Platform modules already initialized, skipping
Refreshing native plugins compatible for Editor in 0.55 ms, found 3 plugins.
Preloading 0 native plugins for Editor in 0.00 ms.
Unloading 2345 Unused Serialized files (Serialized files now loaded: 0)
System memory in use before: 106.7 MB.
System memory in use after: 106.8 MB.

Unloading 26 unused Assets to reduce memory usage. Loaded Objects now: 2906.
Total: 2.811800 ms (FindLiveObjects: 0.379500 ms CreateObjectMapping: 0.136000 ms MarkObjects: 2.179300 ms  DeleteObjects: 0.115700 ms)

========================================================================
Received Import Request.
  Time since last request: 182.100679 seconds.
  path: Assets/Scenes/Mission2.unity
  artifactKey: Guid(60969aa73ecd9a74b954bc376ad1f29a) Importer(815301076,1909f56bfc062723c751e8b465ee728b)
Start importing Assets/Scenes/Mission2.unity using Guid(60969aa73ecd9a74b954bc376ad1f29a) Importer(815301076,1909f56bfc062723c751e8b465ee728b)  -> (artifact id: 'c35623f744e2a562e1cfa30057f86751') in 0.025549 seconds
  Import took 0.033745 seconds .

========================================================================
Received Prepare
Registering precompiled user dll's ...
Registered in 0.005909 seconds.
Begin MonoManager ReloadAssembly
Native extension for WindowsStandalone target not found
Native extension for WebGL target not found
Refreshing native plugins compatible for Editor in 0.52 ms, found 3 plugins.
Preloading 0 native plugins for Editor in 0.00 ms.
Mono: successfully reloaded assembly
- Completed reload, in  1.148 seconds
Platform modules already initialized, skipping
Refreshing native plugins compatible for Editor in 0.55 ms, found 3 plugins.
Preloading 0 native plugins for Editor in 0.00 ms.
Unloading 2345 Unused Serialized files (Serialized files now loaded: 0)
System memory in use before: 106.8 MB.
System memory in use after: 106.9 MB.

Unloading 26 unused Assets to reduce memory usage. Loaded Objects now: 2911.
Total: 3.830900 ms (FindLiveObjects: 0.226400 ms CreateObjectMapping: 0.101400 ms MarkObjects: 3.381100 ms  DeleteObjects: 0.120600 ms)

========================================================================
Received Import Request.
  Time since last request: 182.139903 seconds.
  path: Assets/Scripts/Action/DoPickup.cs
  artifactKey: Guid(5f1a8d2e30b78604bbcb3dd347438b22) Importer(815301076,1909f56bfc062723c751e8b465ee728b)
Start importing Assets/Scripts/Action/DoPickup.cs using Guid(5f1a8d2e30b78604bbcb3dd347438b22) Importer(815301076,1909f56bfc062723c751e8b465ee728b)  -> (artifact id: '0abda705148c638fbcb63338ea248707') in 0.014438 seconds
  Import took 0.030680 seconds .

========================================================================
Received Prepare
Registering precompiled user dll's ...
Registered in 0.005795 seconds.
Begin MonoManager ReloadAssembly
Native extension for WindowsStandalone target not found
Native extension for WebGL target not found
Refreshing native plugins compatible for Editor in 0.74 ms, found 3 plugins.
Preloading 0 native plugins for Editor in 0.00 ms.
Mono: successfully reloaded assembly
- Completed reload, in  1.442 seconds
Platform modules already initialized, skipping
Refreshing native plugins compatible for Editor in 0.80 ms, found 3 plugins.
Preloading 0 native plugins for Editor in 0.00 ms.
Unloading 2346 Unused Serialized files (Serialized files now loaded: 0)
System memory in use before: 106.8 MB.
System memory in use after: 106.9 MB.

Unloading 26 unused Assets to reduce memory usage. Loaded Objects now: 2917.
Total: 2.308800 ms (FindLiveObjects: 0.237100 ms CreateObjectMapping: 0.111800 ms MarkObjects: 1.850300 ms  DeleteObjects: 0.108600 ms)

========================================================================
Received Prepare
Registering precompiled user dll's ...
Registered in 0.005525 seconds.
Begin MonoManager ReloadAssembly
Native extension for WindowsStandalone target not found
Native extension for WebGL target not found
Refreshing native plugins compatible for Editor in 0.51 ms, found 3 plugins.
Preloading 0 native plugins for Editor in 0.00 ms.
Mono: successfully reloaded assembly
- Completed reload, in  1.115 seconds
Platform modules already initialized, skipping
Refreshing native plugins compatible for Editor in 0.83 ms, found 3 plugins.
Preloading 0 native plugins for Editor in 0.00 ms.
Unloading 2346 Unused Serialized files (Serialized files now loaded: 0)
System memory in use before: 106.8 MB.
System memory in use after: 106.9 MB.

Unloading 26 unused Assets to reduce memory usage. Loaded Objects now: 2922.
Total: 2.521300 ms (FindLiveObjects: 0.245300 ms CreateObjectMapping: 0.113400 ms MarkObjects: 2.015400 ms  DeleteObjects: 0.146300 ms)

========================================================================
Received Import Request.
  Time since last request: 62.858439 seconds.
  path: Assets/Scripts/Action/DoPickup.cs
  artifactKey: Guid(5f1a8d2e30b78604bbcb3dd347438b22) Importer(815301076,1909f56bfc062723c751e8b465ee728b)
Start importing Assets/Scripts/Action/DoPickup.cs using Guid(5f1a8d2e30b78604bbcb3dd347438b22) Importer(815301076,1909f56bfc062723c751e8b465ee728b)  -> (artifact id: '450d752f5055637ceccc1a715e09f187') in 0.006734 seconds
  Import took 0.010382 seconds .

========================================================================
Received Import Request.
  Time since last request: 24.673885 seconds.
  path: Assets/Scenes/MainMenu.unity
  artifactKey: Guid(c8a9d1312a49dc8488a9b32d83d659c7) Importer(815301076,1909f56bfc062723c751e8b465ee728b)
Start importing Assets/Scenes/MainMenu.unity using Guid(c8a9d1312a49dc8488a9b32d83d659c7) Importer(815301076,1909f56bfc062723c751e8b465ee728b)  -> (artifact id: 'ee0230a7d2129bbb4ed3c70d57e4291d') in 0.022584 seconds
  Import took 0.026912 seconds .

========================================================================
Received Prepare
Registering precompiled user dll's ...
Registered in 0.009160 seconds.
Begin MonoManager ReloadAssembly
Native extension for WindowsStandalone target not found
Native extension for WebGL target not found
Refreshing native plugins compatible for Editor in 0.64 ms, found 3 plugins.
Preloading 0 native plugins for Editor in 0.00 ms.
Mono: successfully reloaded assembly
- Completed reload, in  1.625 seconds
Platform modules already initialized, skipping
Refreshing native plugins compatible for Editor in 0.63 ms, found 3 plugins.
Preloading 0 native plugins for Editor in 0.00 ms.
Unloading 2346 Unused Serialized files (Serialized files now loaded: 0)
System memory in use before: 106.7 MB.
System memory in use after: 106.8 MB.

Unloading 26 unused Assets to reduce memory usage. Loaded Objects now: 2927.
Total: 3.091100 ms (FindLiveObjects: 0.307800 ms CreateObjectMapping: 0.110300 ms MarkObjects: 2.497800 ms  DeleteObjects: 0.173900 ms)

========================================================================
Received Import Request.
  Time since last request: 41.269322 seconds.
  path: Assets/Scenes/Mission2.unity
  artifactKey: Guid(60969aa73ecd9a74b954bc376ad1f29a) Importer(815301076,1909f56bfc062723c751e8b465ee728b)
Start importing Assets/Scenes/Mission2.unity using Guid(60969aa73ecd9a74b954bc376ad1f29a) Importer(815301076,1909f56bfc062723c751e8b465ee728b)  -> (artifact id: '2162acf28d742972a28e23cd22b99301') in 0.014015 seconds
  Import took 0.018460 seconds .

========================================================================
Received Import Request.
  Time since last request: 95.972463 seconds.
  path: Assets/Scenes/Mission2.unity
  artifactKey: Guid(60969aa73ecd9a74b954bc376ad1f29a) Importer(815301076,1909f56bfc062723c751e8b465ee728b)
Start importing Assets/Scenes/Mission2.unity using Guid(60969aa73ecd9a74b954bc376ad1f29a) Importer(815301076,1909f56bfc062723c751e8b465ee728b)  -> (artifact id: 'ce05c69fcae4b89ae6f97177b8d6e500') in 0.002913 seconds
  Import took 0.008382 seconds .

========================================================================
Received Prepare
Registering precompiled user dll's ...
Registered in 0.007936 seconds.
Begin MonoManager ReloadAssembly
Native extension for WindowsStandalone target not found
Native extension for WebGL target not found
Refreshing native plugins compatible for Editor in 0.51 ms, found 3 plugins.
Preloading 0 native plugins for Editor in 0.00 ms.
Mono: successfully reloaded assembly
- Completed reload, in  1.063 seconds
Platform modules already initialized, skipping
Refreshing native plugins compatible for Editor in 0.55 ms, found 3 plugins.
Preloading 0 native plugins for Editor in 0.00 ms.
Unloading 2346 Unused Serialized files (Serialized files now loaded: 0)
System memory in use before: 106.8 MB.
System memory in use after: 106.9 MB.

Unloading 26 unused Assets to reduce memory usage. Loaded Objects now: 2932.
Total: 2.766900 ms (FindLiveObjects: 0.423800 ms CreateObjectMapping: 0.184500 ms MarkObjects: 2.031400 ms  DeleteObjects: 0.126100 ms)

========================================================================
Received Import Request.
  Time since last request: 181.905013 seconds.
  path: Assets/Scripts/General/ScoreDisplayer.cs
  artifactKey: Guid(f13e9625ccf7848469f9c500d0983692) Importer(815301076,1909f56bfc062723c751e8b465ee728b)
Start importing Assets/Scripts/General/ScoreDisplayer.cs using Guid(f13e9625ccf7848469f9c500d0983692) Importer(815301076,1909f56bfc062723c751e8b465ee728b)  -> (artifact id: '99cb6591373a50900d3a480569ab28e8') in 0.021757 seconds
  Import took 0.032585 seconds .

========================================================================
Received Prepare
Registering precompiled user dll's ...
Registered in 0.005339 seconds.
Begin MonoManager ReloadAssembly
Native extension for WindowsStandalone target not found
Native extension for WebGL target not found
Refreshing native plugins compatible for Editor in 0.84 ms, found 3 plugins.
Preloading 0 native plugins for Editor in 0.00 ms.
Mono: successfully reloaded assembly
- Completed reload, in  1.297 seconds
Platform modules already initialized, skipping
Refreshing native plugins compatible for Editor in 0.52 ms, found 3 plugins.
Preloading 0 native plugins for Editor in 0.00 ms.
Unloading 2347 Unused Serialized files (Serialized files now loaded: 0)
System memory in use before: 106.9 MB.
System memory in use after: 107.0 MB.

Unloading 26 unused Assets to reduce memory usage. Loaded Objects now: 2938.
Total: 2.682600 ms (FindLiveObjects: 0.239200 ms CreateObjectMapping: 0.155600 ms MarkObjects: 2.168900 ms  DeleteObjects: 0.117700 ms)

========================================================================
Received Import Request.
  Time since last request: 158.444944 seconds.
  path: Assets/Scripts/General/ScoreDisplayer.cs
  artifactKey: Guid(f13e9625ccf7848469f9c500d0983692) Importer(815301076,1909f56bfc062723c751e8b465ee728b)
Start importing Assets/Scripts/General/ScoreDisplayer.cs using Guid(f13e9625ccf7848469f9c500d0983692) Importer(815301076,1909f56bfc062723c751e8b465ee728b)  -> (artifact id: '53764e2d070f2edb42f922dcde636385') in 0.007729 seconds
  Import took 0.012325 seconds .

========================================================================
Received Prepare
Registering precompiled user dll's ...
Registered in 0.004977 seconds.
Begin MonoManager ReloadAssembly
Native extension for WindowsStandalone target not found
Native extension for WebGL target not found
Refreshing native plugins compatible for Editor in 0.54 ms, found 3 plugins.
Preloading 0 native plugins for Editor in 0.00 ms.
Mono: successfully reloaded assembly
- Completed reload, in  1.100 seconds
Platform modules already initialized, skipping
Refreshing native plugins compatible for Editor in 0.63 ms, found 3 plugins.
Preloading 0 native plugins for Editor in 0.00 ms.
Unloading 2347 Unused Serialized files (Serialized files now loaded: 0)
System memory in use before: 106.9 MB.
System memory in use after: 107.0 MB.

Unloading 26 unused Assets to reduce memory usage. Loaded Objects now: 2943.
Total: 2.679400 ms (FindLiveObjects: 0.244500 ms CreateObjectMapping: 0.100700 ms MarkObjects: 2.212400 ms  DeleteObjects: 0.120600 ms)

========================================================================
Received Import Request.
  Time since last request: 54.701920 seconds.
  path: Assets/Scripts/General/ScoreDisplayer.cs
  artifactKey: Guid(f13e9625ccf7848469f9c500d0983692) Importer(815301076,1909f56bfc062723c751e8b465ee728b)
Start importing Assets/Scripts/General/ScoreDisplayer.cs using Guid(f13e9625ccf7848469f9c500d0983692) Importer(815301076,1909f56bfc062723c751e8b465ee728b)  -> (artifact id: 'a15375e062f8553f68342d1f5d4068c6') in 0.005217 seconds
  Import took 0.008984 seconds .

========================================================================
Received Prepare
Registering precompiled user dll's ...
Registered in 0.005011 seconds.
Begin MonoManager ReloadAssembly
Native extension for WindowsStandalone target not found
Native extension for WebGL target not found
Refreshing native plugins compatible for Editor in 0.51 ms, found 3 plugins.
Preloading 0 native plugins for Editor in 0.00 ms.
Mono: successfully reloaded assembly
- Completed reload, in  1.131 seconds
Platform modules already initialized, skipping
Refreshing native plugins compatible for Editor in 0.51 ms, found 3 plugins.
Preloading 0 native plugins for Editor in 0.00 ms.
Unloading 2347 Unused Serialized files (Serialized files now loaded: 0)
System memory in use before: 106.9 MB.
System memory in use after: 107.0 MB.

Unloading 26 unused Assets to reduce memory usage. Loaded Objects now: 2948.
Total: 2.418500 ms (FindLiveObjects: 0.235300 ms CreateObjectMapping: 0.102700 ms MarkObjects: 1.969200 ms  DeleteObjects: 0.110000 ms)

========================================================================
Received Import Request.
  Time since last request: 64.522524 seconds.
  path: Assets/Scenes/Mission2.unity
  artifactKey: Guid(60969aa73ecd9a74b954bc376ad1f29a) Importer(815301076,1909f56bfc062723c751e8b465ee728b)
Start importing Assets/Scenes/Mission2.unity using Guid(60969aa73ecd9a74b954bc376ad1f29a) Importer(815301076,1909f56bfc062723c751e8b465ee728b)  -> (artifact id: '4b68b36fea7280ffe98af662f98c5f53') in 0.015268 seconds
  Import took 0.020997 seconds .

========================================================================
Received Import Request.
  Time since last request: 36.465006 seconds.
  path: Assets/Scenes/Mission3.unity
  artifactKey: Guid(bd3752eb24f3f164b97381851ac07047) Importer(815301076,1909f56bfc062723c751e8b465ee728b)
Start importing Assets/Scenes/Mission3.unity using Guid(bd3752eb24f3f164b97381851ac07047) Importer(815301076,1909f56bfc062723c751e8b465ee728b)  -> (artifact id: '3ba2b9492f3022d8a4ef9c2a9c20df81') in 0.003308 seconds
  Import took 0.007914 seconds .

========================================================================
Received Import Request.
  Time since last request: 14.555788 seconds.
  path: Assets/Scenes/Mission4.unity
  artifactKey: Guid(6cac5b2689de64d40a0bb893574bf69c) Importer(815301076,1909f56bfc062723c751e8b465ee728b)
Start importing Assets/Scenes/Mission4.unity using Guid(6cac5b2689de64d40a0bb893574bf69c) Importer(815301076,1909f56bfc062723c751e8b465ee728b)  -> (artifact id: 'b680095db8479cb1bf020b39528b44e7') in 0.004197 seconds
  Import took 0.008129 seconds .

========================================================================
Received Import Request.
  Time since last request: 12.246279 seconds.
  path: Assets/Scenes/MainMenu.unity
  artifactKey: Guid(c8a9d1312a49dc8488a9b32d83d659c7) Importer(815301076,1909f56bfc062723c751e8b465ee728b)
Start importing Assets/Scenes/MainMenu.unity using Guid(c8a9d1312a49dc8488a9b32d83d659c7) Importer(815301076,1909f56bfc062723c751e8b465ee728b)  -> (artifact id: '8ca30e340679fa055b16e8917e51f13d') in 0.003921 seconds
  Import took 0.008639 seconds .

========================================================================
Received Prepare
Registering precompiled user dll's ...
Registered in 0.005963 seconds.
Begin MonoManager ReloadAssembly
Native extension for WindowsStandalone target not found
Native extension for WebGL target not found
Refreshing native plugins compatible for Editor in 0.62 ms, found 3 plugins.
Preloading 0 native plugins for Editor in 0.00 ms.
Mono: successfully reloaded assembly
- Completed reload, in  1.073 seconds
Platform modules already initialized, skipping
Refreshing native plugins compatible for Editor in 0.51 ms, found 3 plugins.
Preloading 0 native plugins for Editor in 0.00 ms.
Unloading 2347 Unused Serialized files (Serialized files now loaded: 0)
System memory in use before: 106.8 MB.
System memory in use after: 106.9 MB.

Unloading 26 unused Assets to reduce memory usage. Loaded Objects now: 2953.
Total: 2.356600 ms (FindLiveObjects: 0.257100 ms CreateObjectMapping: 0.090700 ms MarkObjects: 1.875400 ms  DeleteObjects: 0.132500 ms)

========================================================================
Received Prepare
Registering precompiled user dll's ...
Registered in 0.005018 seconds.
Begin MonoManager ReloadAssembly
Native extension for WindowsStandalone target not found
Native extension for WebGL target not found
Refreshing native plugins compatible for Editor in 0.54 ms, found 3 plugins.
Preloading 0 native plugins for Editor in 0.00 ms.
Mono: successfully reloaded assembly
- Completed reload, in  1.162 seconds
Platform modules already initialized, skipping
Refreshing native plugins compatible for Editor in 0.54 ms, found 3 plugins.
Preloading 0 native plugins for Editor in 0.00 ms.
Unloading 2347 Unused Serialized files (Serialized files now loaded: 0)
System memory in use before: 106.9 MB.
System memory in use after: 107.0 MB.

Unloading 26 unused Assets to reduce memory usage. Loaded Objects now: 2958.
Total: 2.218900 ms (FindLiveObjects: 0.230100 ms CreateObjectMapping: 0.105400 ms MarkObjects: 1.747700 ms  DeleteObjects: 0.134700 ms)

========================================================================
Received Prepare
Registering precompiled user dll's ...
Registered in 0.007356 seconds.
Begin MonoManager ReloadAssembly
Native extension for WindowsStandalone target not found
Native extension for WebGL target not found
Refreshing native plugins compatible for Editor in 1.13 ms, found 3 plugins.
Preloading 0 native plugins for Editor in 0.00 ms.
Mono: successfully reloaded assembly
- Completed reload, in  1.875 seconds
Platform modules already initialized, skipping
Refreshing native plugins compatible for Editor in 0.63 ms, found 3 plugins.
Preloading 0 native plugins for Editor in 0.00 ms.
Unloading 2347 Unused Serialized files (Serialized files now loaded: 0)
System memory in use before: 106.9 MB.
System memory in use after: 107.0 MB.

Unloading 26 unused Assets to reduce memory usage. Loaded Objects now: 2963.
Total: 4.297700 ms (FindLiveObjects: 0.348000 ms CreateObjectMapping: 0.137600 ms MarkObjects: 3.695800 ms  DeleteObjects: 0.114800 ms)

========================================================================
Received Import Request.
  Time since last request: 357.665681 seconds.
  path: Assets/Scenes/Mission4.unity
  artifactKey: Guid(6cac5b2689de64d40a0bb893574bf69c) Importer(815301076,1909f56bfc062723c751e8b465ee728b)
Start importing Assets/Scenes/Mission4.unity using Guid(6cac5b2689de64d40a0bb893574bf69c) Importer(815301076,1909f56bfc062723c751e8b465ee728b)  -> (artifact id: '4558b2ba04ad6fc2f91ac1fae7037605') in 0.015612 seconds
  Import took 0.022118 seconds .

========================================================================
Received Import Request.
  Time since last request: 65.291436 seconds.
  path: Assets/Scenes/MainMenu.unity
  artifactKey: Guid(c8a9d1312a49dc8488a9b32d83d659c7) Importer(815301076,1909f56bfc062723c751e8b465ee728b)
Start importing Assets/Scenes/MainMenu.unity using Guid(c8a9d1312a49dc8488a9b32d83d659c7) Importer(815301076,1909f56bfc062723c751e8b465ee728b)  -> (artifact id: '95c2cd99c3b620f697c8d7ef78318284') in 0.012296 seconds
  Import took 0.015958 seconds .

========================================================================
Received Prepare
Registering precompiled user dll's ...
Registered in 0.004873 seconds.
Begin MonoManager ReloadAssembly
Native extension for WindowsStandalone target not found
Native extension for WebGL target not found
Refreshing native plugins compatible for Editor in 1.26 ms, found 3 plugins.
Preloading 0 native plugins for Editor in 0.00 ms.
Mono: successfully reloaded assembly
- Completed reload, in  1.330 seconds
Platform modules already initialized, skipping
Refreshing native plugins compatible for Editor in 0.52 ms, found 3 plugins.
Preloading 0 native plugins for Editor in 0.00 ms.
Unloading 2347 Unused Serialized files (Serialized files now loaded: 0)
System memory in use before: 107.0 MB.
System memory in use after: 107.1 MB.

Unloading 26 unused Assets to reduce memory usage. Loaded Objects now: 2968.
Total: 2.761300 ms (FindLiveObjects: 0.386600 ms CreateObjectMapping: 0.220100 ms MarkObjects: 2.038200 ms  DeleteObjects: 0.115000 ms)

========================================================================
Received Import Request.
  Time since last request: 105.680713 seconds.
  path: Assets/Scenes/Mission4.unity
  artifactKey: Guid(6cac5b2689de64d40a0bb893574bf69c) Importer(815301076,1909f56bfc062723c751e8b465ee728b)
Start importing Assets/Scenes/Mission4.unity using Guid(6cac5b2689de64d40a0bb893574bf69c) Importer(815301076,1909f56bfc062723c751e8b465ee728b)  -> (artifact id: '0073eac6b8cc319b3b5b5cc15bcb2cf4') in 0.039047 seconds
  Import took 0.043789 seconds .

========================================================================
Received Prepare
Refreshing native plugins compatible for Editor in 4.25 ms, found 3 plugins.
Preloading 0 native plugins for Editor in 0.00 ms.
Unloading 24 Unused Serialized files (Serialized files now loaded: 0)
System memory in use before: 61.2 MB.
System memory in use after: 61.3 MB.

Unloading 24 unused Assets to reduce memory usage. Loaded Objects now: 2968.
Total: 3.254200 ms (FindLiveObjects: 0.241800 ms CreateObjectMapping: 0.100200 ms MarkObjects: 2.767600 ms  DeleteObjects: 0.143600 ms)

AssetImportWorkerClient::OnTransportError - code=2 error=End of file
